{"/Users/ioniletellier/Documents/BUT3/Devoir S6/NodeJS/pokedex-api/src/app.js": {"path":"/Users/ioniletellier/Documents/BUT3/Devoir S6/NodeJS/pokedex-api/src/app.js","statementMap":{"0":{"start":{"line":1,"column":16},"end":{"line":1,"column":34}},"1":{"start":{"line":2,"column":13},"end":{"line":2,"column":28}},"2":{"start":{"line":3,"column":18},"end":{"line":3,"column":47}},"3":{"start":{"line":5,"column":18},"end":{"line":5,"column":37}},"4":{"start":{"line":6,"column":20},"end":{"line":6,"column":40}},"5":{"start":{"line":7,"column":17},"end":{"line":7,"column":50}},"6":{"start":{"line":8,"column":21},"end":{"line":8,"column":58}},"7":{"start":{"line":11,"column":12},"end":{"line":11,"column":21}},"8":{"start":{"line":14,"column":0},"end":{"line":14,"column":51}},"9":{"start":{"line":15,"column":0},"end":{"line":15,"column":24}},"10":{"start":{"line":18,"column":0},"end":{"line":18,"column":64}},"11":{"start":{"line":21,"column":0},"end":{"line":21,"column":27}},"12":{"start":{"line":24,"column":0},"end":{"line":24,"column":18}},"13":{"start":{"line":25,"column":0},"end":{"line":25,"column":22}},"14":{"start":{"line":27,"column":0},"end":{"line":27,"column":21}}},"fnMap":{},"branchMap":{},"s":{"0":3,"1":3,"2":3,"3":3,"4":3,"5":3,"6":3,"7":3,"8":3,"9":3,"10":3,"11":3,"12":3,"13":3,"14":3},"f":{},"b":{},"_coverageSchema":"1a1c01bbd47fc00a2c39e90264f33305004495a9","hash":"b8a29c01dd311c0c5aa6c5a4c2ca9bfca2260fbc"}
,"/Users/ioniletellier/Documents/BUT3/Devoir S6/NodeJS/pokedex-api/src/swagger.js": {"path":"/Users/ioniletellier/Documents/BUT3/Devoir S6/NodeJS/pokedex-api/src/swagger.js","statementMap":{"0":{"start":{"line":1,"column":21},"end":{"line":1,"column":45}},"1":{"start":{"line":3,"column":16},"end":{"line":15,"column":1}},"2":{"start":{"line":17,"column":20},"end":{"line":17,"column":41}},"3":{"start":{"line":20,"column":0},"end":{"line":49,"column":2}},"4":{"start":{"line":51,"column":0},"end":{"line":51,"column":29}}},"fnMap":{},"branchMap":{},"s":{"0":3,"1":3,"2":3,"3":3,"4":3},"f":{},"b":{},"_coverageSchema":"1a1c01bbd47fc00a2c39e90264f33305004495a9","hash":"dfbd20fa5021075049d187380c578dd41601810b"}
,"/Users/ioniletellier/Documents/BUT3/Devoir S6/NodeJS/pokedex-api/src/controllers/pkmnTypeController.js": {"path":"/Users/ioniletellier/Documents/BUT3/Devoir S6/NodeJS/pokedex-api/src/controllers/pkmnTypeController.js","statementMap":{"0":{"start":{"line":1,"column":22},"end":{"line":1,"column":60}},"1":{"start":{"line":4,"column":16},"end":{"line":4,"column":27}},"2":{"start":{"line":5,"column":2},"end":{"line":8,"column":5}},"3":{"start":{"line":11,"column":0},"end":{"line":11,"column":30}}},"fnMap":{"0":{"name":"getTypes","decl":{"start":{"line":3,"column":9},"end":{"line":3,"column":17}},"loc":{"start":{"line":3,"column":28},"end":{"line":9,"column":1}},"line":3}},"branchMap":{},"s":{"0":3,"1":1,"2":1,"3":3},"f":{"0":1},"b":{},"_coverageSchema":"1a1c01bbd47fc00a2c39e90264f33305004495a9","hash":"d5144deec9d67ac60ceed52d2dca2c1d6db2feba"}
,"/Users/ioniletellier/Documents/BUT3/Devoir S6/NodeJS/pokedex-api/src/controllers/pokemonController.js": {"path":"/Users/ioniletellier/Documents/BUT3/Devoir S6/NodeJS/pokedex-api/src/controllers/pokemonController.js","statementMap":{"0":{"start":{"line":1,"column":12},"end":{"line":1,"column":49}},"1":{"start":{"line":4,"column":2},"end":{"line":9,"column":3}},"2":{"start":{"line":5,"column":14},"end":{"line":5,"column":47}},"3":{"start":{"line":6,"column":4},"end":{"line":6,"column":35}},"4":{"start":{"line":8,"column":4},"end":{"line":8,"column":12}},"5":{"start":{"line":13,"column":2},"end":{"line":18,"column":3}},"6":{"start":{"line":14,"column":14},"end":{"line":14,"column":43}},"7":{"start":{"line":15,"column":4},"end":{"line":15,"column":35}},"8":{"start":{"line":17,"column":4},"end":{"line":17,"column":12}},"9":{"start":{"line":22,"column":2},"end":{"line":29,"column":3}},"10":{"start":{"line":23,"column":19},"end":{"line":23,"column":54}},"11":{"start":{"line":24,"column":4},"end":{"line":26,"column":94}},"12":{"start":{"line":28,"column":4},"end":{"line":28,"column":12}},"13":{"start":{"line":33,"column":2},"end":{"line":38,"column":3}},"14":{"start":{"line":34,"column":14},"end":{"line":34,"column":74}},"15":{"start":{"line":35,"column":4},"end":{"line":35,"column":35}},"16":{"start":{"line":37,"column":4},"end":{"line":37,"column":12}},"17":{"start":{"line":42,"column":2},"end":{"line":47,"column":3}},"18":{"start":{"line":43,"column":4},"end":{"line":43,"column":50}},"19":{"start":{"line":44,"column":4},"end":{"line":44,"column":34}},"20":{"start":{"line":46,"column":4},"end":{"line":46,"column":12}},"21":{"start":{"line":51,"column":2},"end":{"line":58,"column":3}},"22":{"start":{"line":53,"column":18},"end":{"line":53,"column":47}},"23":{"start":{"line":54,"column":14},"end":{"line":54,"column":66}},"24":{"start":{"line":55,"column":4},"end":{"line":55,"column":35}},"25":{"start":{"line":57,"column":4},"end":{"line":57,"column":12}},"26":{"start":{"line":62,"column":2},"end":{"line":70,"column":3}},"27":{"start":{"line":63,"column":4},"end":{"line":66,"column":7}},"28":{"start":{"line":67,"column":4},"end":{"line":67,"column":34}},"29":{"start":{"line":69,"column":4},"end":{"line":69,"column":12}},"30":{"start":{"line":74,"column":2},"end":{"line":83,"column":3}},"31":{"start":{"line":75,"column":14},"end":{"line":79,"column":6}},"32":{"start":{"line":80,"column":4},"end":{"line":80,"column":35}},"33":{"start":{"line":82,"column":4},"end":{"line":82,"column":12}},"34":{"start":{"line":86,"column":0},"end":{"line":86,"column":94}}},"fnMap":{"0":{"name":"create","decl":{"start":{"line":3,"column":15},"end":{"line":3,"column":21}},"loc":{"start":{"line":3,"column":38},"end":{"line":10,"column":1}},"line":3},"1":{"name":"addRegion","decl":{"start":{"line":12,"column":15},"end":{"line":12,"column":24}},"loc":{"start":{"line":12,"column":41},"end":{"line":19,"column":1}},"line":12},"2":{"name":"search","decl":{"start":{"line":21,"column":15},"end":{"line":21,"column":21}},"loc":{"start":{"line":21,"column":38},"end":{"line":30,"column":1}},"line":21},"3":{"name":"getOne","decl":{"start":{"line":32,"column":15},"end":{"line":32,"column":21}},"loc":{"start":{"line":32,"column":38},"end":{"line":39,"column":1}},"line":32},"4":{"name":"remove","decl":{"start":{"line":41,"column":15},"end":{"line":41,"column":21}},"loc":{"start":{"line":41,"column":38},"end":{"line":48,"column":1}},"line":41},"5":{"name":"update","decl":{"start":{"line":50,"column":15},"end":{"line":50,"column":21}},"loc":{"start":{"line":50,"column":38},"end":{"line":59,"column":1}},"line":50},"6":{"name":"removeRegion","decl":{"start":{"line":61,"column":15},"end":{"line":61,"column":27}},"loc":{"start":{"line":61,"column":44},"end":{"line":71,"column":1}},"line":61},"7":{"name":"syncCry","decl":{"start":{"line":73,"column":15},"end":{"line":73,"column":22}},"loc":{"start":{"line":73,"column":39},"end":{"line":84,"column":1}},"line":73}},"branchMap":{"0":{"loc":{"start":{"line":76,"column":14},"end":{"line":76,"column":51}},"type":"binary-expr","locations":[{"start":{"line":76,"column":14},"end":{"line":76,"column":30}},{"start":{"line":76,"column":34},"end":{"line":76,"column":51}}],"line":76},"1":{"loc":{"start":{"line":77,"column":12},"end":{"line":77,"column":45}},"type":"binary-expr","locations":[{"start":{"line":77,"column":12},"end":{"line":77,"column":26}},{"start":{"line":77,"column":30},"end":{"line":77,"column":45}}],"line":77},"2":{"loc":{"start":{"line":78,"column":13},"end":{"line":78,"column":48}},"type":"binary-expr","locations":[{"start":{"line":78,"column":13},"end":{"line":78,"column":28}},{"start":{"line":78,"column":32},"end":{"line":78,"column":48}}],"line":78}},"s":{"0":3,"1":3,"2":3,"3":2,"4":1,"5":2,"6":2,"7":1,"8":1,"9":3,"10":3,"11":3,"12":0,"13":6,"14":6,"15":2,"16":4,"17":3,"18":3,"19":1,"20":2,"21":2,"22":2,"23":2,"24":1,"25":1,"26":2,"27":2,"28":1,"29":1,"30":2,"31":2,"32":1,"33":1,"34":3},"f":{"0":3,"1":2,"2":3,"3":6,"4":3,"5":2,"6":2,"7":2},"b":{"0":[2,1],"1":[2,2],"2":[2,2]},"_coverageSchema":"1a1c01bbd47fc00a2c39e90264f33305004495a9","hash":"efc866d50f49b5510232e169159d861d6e6d0e00"}
,"/Users/ioniletellier/Documents/BUT3/Devoir S6/NodeJS/pokedex-api/src/controllers/trainerController.js": {"path":"/Users/ioniletellier/Documents/BUT3/Devoir S6/NodeJS/pokedex-api/src/controllers/trainerController.js","statementMap":{"0":{"start":{"line":1,"column":12},"end":{"line":1,"column":49}},"1":{"start":{"line":4,"column":2},"end":{"line":9,"column":3}},"2":{"start":{"line":5,"column":14},"end":{"line":5,"column":70}},"3":{"start":{"line":6,"column":4},"end":{"line":6,"column":28}},"4":{"start":{"line":8,"column":4},"end":{"line":8,"column":12}},"5":{"start":{"line":13,"column":2},"end":{"line":18,"column":3}},"6":{"start":{"line":14,"column":14},"end":{"line":14,"column":69}},"7":{"start":{"line":15,"column":4},"end":{"line":15,"column":28}},"8":{"start":{"line":17,"column":4},"end":{"line":17,"column":12}},"9":{"start":{"line":22,"column":2},"end":{"line":27,"column":3}},"10":{"start":{"line":23,"column":4},"end":{"line":23,"column":63}},"11":{"start":{"line":24,"column":4},"end":{"line":24,"column":27}},"12":{"start":{"line":26,"column":4},"end":{"line":26,"column":12}},"13":{"start":{"line":31,"column":2},"end":{"line":41,"column":3}},"14":{"start":{"line":33,"column":14},"end":{"line":37,"column":6}},"15":{"start":{"line":38,"column":4},"end":{"line":38,"column":28}},"16":{"start":{"line":40,"column":4},"end":{"line":40,"column":12}},"17":{"start":{"line":44,"column":0},"end":{"line":44,"column":53}}},"fnMap":{"0":{"name":"createMe","decl":{"start":{"line":3,"column":15},"end":{"line":3,"column":23}},"loc":{"start":{"line":3,"column":40},"end":{"line":10,"column":1}},"line":3},"1":{"name":"getMe","decl":{"start":{"line":12,"column":15},"end":{"line":12,"column":20}},"loc":{"start":{"line":12,"column":37},"end":{"line":19,"column":1}},"line":12},"2":{"name":"deleteMe","decl":{"start":{"line":21,"column":15},"end":{"line":21,"column":23}},"loc":{"start":{"line":21,"column":40},"end":{"line":28,"column":1}},"line":21},"3":{"name":"mark","decl":{"start":{"line":30,"column":15},"end":{"line":30,"column":19}},"loc":{"start":{"line":30,"column":36},"end":{"line":42,"column":1}},"line":30}},"branchMap":{},"s":{"0":3,"1":1,"2":1,"3":1,"4":0,"5":2,"6":2,"7":1,"8":1,"9":1,"10":1,"11":1,"12":0,"13":2,"14":2,"15":2,"16":0,"17":3},"f":{"0":1,"1":2,"2":1,"3":2},"b":{},"_coverageSchema":"1a1c01bbd47fc00a2c39e90264f33305004495a9","hash":"f33853369e3230225a00666dc7274bdb02f0d875"}
,"/Users/ioniletellier/Documents/BUT3/Devoir S6/NodeJS/pokedex-api/src/controllers/userController.js": {"path":"/Users/ioniletellier/Documents/BUT3/Devoir S6/NodeJS/pokedex-api/src/controllers/userController.js","statementMap":{"0":{"start":{"line":1,"column":56},"end":{"line":1,"column":90}},"1":{"start":{"line":4,"column":2},"end":{"line":9,"column":3}},"2":{"start":{"line":5,"column":19},"end":{"line":5,"column":43}},"3":{"start":{"line":6,"column":4},"end":{"line":6,"column":40}},"4":{"start":{"line":8,"column":4},"end":{"line":8,"column":12}},"5":{"start":{"line":13,"column":2},"end":{"line":18,"column":3}},"6":{"start":{"line":14,"column":19},"end":{"line":14,"column":40}},"7":{"start":{"line":15,"column":4},"end":{"line":15,"column":40}},"8":{"start":{"line":17,"column":4},"end":{"line":17,"column":12}},"9":{"start":{"line":23,"column":2},"end":{"line":23,"column":50}},"10":{"start":{"line":27,"column":2},"end":{"line":32,"column":3}},"11":{"start":{"line":28,"column":19},"end":{"line":28,"column":63}},"12":{"start":{"line":29,"column":4},"end":{"line":29,"column":40}},"13":{"start":{"line":31,"column":4},"end":{"line":31,"column":12}},"14":{"start":{"line":36,"column":2},"end":{"line":44,"column":3}},"15":{"start":{"line":37,"column":19},"end":{"line":40,"column":6}},"16":{"start":{"line":41,"column":4},"end":{"line":41,"column":40}},"17":{"start":{"line":43,"column":4},"end":{"line":43,"column":12}},"18":{"start":{"line":47,"column":0},"end":{"line":47,"column":95}}},"fnMap":{"0":{"name":"registerUser","decl":{"start":{"line":3,"column":15},"end":{"line":3,"column":27}},"loc":{"start":{"line":3,"column":44},"end":{"line":10,"column":1}},"line":3},"1":{"name":"loginUser","decl":{"start":{"line":12,"column":15},"end":{"line":12,"column":24}},"loc":{"start":{"line":12,"column":41},"end":{"line":19,"column":1}},"line":12},"2":{"name":"checkUser","decl":{"start":{"line":21,"column":9},"end":{"line":21,"column":18}},"loc":{"start":{"line":21,"column":29},"end":{"line":24,"column":1}},"line":21},"3":{"name":"getUserFavorites","decl":{"start":{"line":26,"column":15},"end":{"line":26,"column":31}},"loc":{"start":{"line":26,"column":48},"end":{"line":33,"column":1}},"line":26},"4":{"name":"updateUserFavorites","decl":{"start":{"line":35,"column":15},"end":{"line":35,"column":34}},"loc":{"start":{"line":35,"column":51},"end":{"line":45,"column":1}},"line":35}},"branchMap":{},"s":{"0":3,"1":5,"2":5,"3":3,"4":2,"5":3,"6":3,"7":1,"8":2,"9":1,"10":1,"11":1,"12":1,"13":0,"14":1,"15":1,"16":1,"17":0,"18":3},"f":{"0":5,"1":3,"2":1,"3":1,"4":1},"b":{},"_coverageSchema":"1a1c01bbd47fc00a2c39e90264f33305004495a9","hash":"66962cae2d1ae7a236bba0fe981e77d0635145df"}
,"/Users/ioniletellier/Documents/BUT3/Devoir S6/NodeJS/pokedex-api/src/middlewares/auth.js": {"path":"/Users/ioniletellier/Documents/BUT3/Devoir S6/NodeJS/pokedex-api/src/middlewares/auth.js","statementMap":{"0":{"start":{"line":1,"column":12},"end":{"line":1,"column":35}},"1":{"start":{"line":3,"column":0},"end":{"line":18,"column":2}},"2":{"start":{"line":4,"column":2},"end":{"line":17,"column":3}},"3":{"start":{"line":5,"column":19},"end":{"line":5,"column":50}},"4":{"start":{"line":6,"column":26},"end":{"line":6,"column":43}},"5":{"start":{"line":8,"column":4},"end":{"line":10,"column":5}},"6":{"start":{"line":9,"column":6},"end":{"line":9,"column":61}},"7":{"start":{"line":12,"column":20},"end":{"line":12,"column":61}},"8":{"start":{"line":13,"column":4},"end":{"line":13,"column":23}},"9":{"start":{"line":14,"column":4},"end":{"line":14,"column":18}},"10":{"start":{"line":16,"column":4},"end":{"line":16,"column":59}}},"fnMap":{"0":{"name":"(anonymous_0)","decl":{"start":{"line":3,"column":17},"end":{"line":3,"column":18}},"loc":{"start":{"line":3,"column":37},"end":{"line":18,"column":1}},"line":3}},"branchMap":{"0":{"loc":{"start":{"line":5,"column":19},"end":{"line":5,"column":50}},"type":"binary-expr","locations":[{"start":{"line":5,"column":19},"end":{"line":5,"column":44}},{"start":{"line":5,"column":48},"end":{"line":5,"column":50}}],"line":5},"1":{"loc":{"start":{"line":8,"column":4},"end":{"line":10,"column":5}},"type":"if","locations":[{"start":{"line":8,"column":4},"end":{"line":10,"column":5}},{"start":{},"end":{}}],"line":8},"2":{"loc":{"start":{"line":8,"column":8},"end":{"line":8,"column":35}},"type":"binary-expr","locations":[{"start":{"line":8,"column":8},"end":{"line":8,"column":25}},{"start":{"line":8,"column":29},"end":{"line":8,"column":35}}],"line":8}},"s":{"0":3,"1":3,"2":36,"3":36,"4":36,"5":36,"6":2,"7":34,"8":33,"9":33,"10":1},"f":{"0":36},"b":{"0":[36,1],"1":[2,34],"2":[36,34]},"_coverageSchema":"1a1c01bbd47fc00a2c39e90264f33305004495a9","hash":"66d60c19572d235def602bb798c817f9845a0851"}
,"/Users/ioniletellier/Documents/BUT3/Devoir S6/NodeJS/pokedex-api/src/middlewares/errorHandler.js": {"path":"/Users/ioniletellier/Documents/BUT3/Devoir S6/NodeJS/pokedex-api/src/middlewares/errorHandler.js","statementMap":{"0":{"start":{"line":1,"column":0},"end":{"line":8,"column":2}},"1":{"start":{"line":2,"column":2},"end":{"line":2,"column":21}},"2":{"start":{"line":4,"column":17},"end":{"line":4,"column":38}},"3":{"start":{"line":5,"column":2},"end":{"line":7,"column":5}}},"fnMap":{"0":{"name":"(anonymous_0)","decl":{"start":{"line":1,"column":17},"end":{"line":1,"column":18}},"loc":{"start":{"line":1,"column":42},"end":{"line":8,"column":1}},"line":1}},"branchMap":{"0":{"loc":{"start":{"line":4,"column":17},"end":{"line":4,"column":38}},"type":"binary-expr","locations":[{"start":{"line":4,"column":17},"end":{"line":4,"column":31}},{"start":{"line":4,"column":35},"end":{"line":4,"column":38}}],"line":4},"1":{"loc":{"start":{"line":6,"column":11},"end":{"line":6,"column":49}},"type":"binary-expr","locations":[{"start":{"line":6,"column":11},"end":{"line":6,"column":22}},{"start":{"line":6,"column":26},"end":{"line":6,"column":49}}],"line":6}},"s":{"0":3,"1":16,"2":16,"3":16},"f":{"0":16},"b":{"0":[16,0],"1":[16,0]},"_coverageSchema":"1a1c01bbd47fc00a2c39e90264f33305004495a9","hash":"b2b49dd8c8c046b3108f71173c212e9c3b85f026"}
,"/Users/ioniletellier/Documents/BUT3/Devoir S6/NodeJS/pokedex-api/src/middlewares/notFound.js": {"path":"/Users/ioniletellier/Documents/BUT3/Devoir S6/NodeJS/pokedex-api/src/middlewares/notFound.js","statementMap":{"0":{"start":{"line":1,"column":0},"end":{"line":3,"column":2}},"1":{"start":{"line":2,"column":2},"end":{"line":2,"column":47}}},"fnMap":{"0":{"name":"(anonymous_0)","decl":{"start":{"line":1,"column":17},"end":{"line":1,"column":18}},"loc":{"start":{"line":1,"column":31},"end":{"line":3,"column":1}},"line":1}},"branchMap":{},"s":{"0":3,"1":0},"f":{"0":0},"b":{},"_coverageSchema":"1a1c01bbd47fc00a2c39e90264f33305004495a9","hash":"80b277f22aca8f0de9f2d52494f035b4e365889b"}
,"/Users/ioniletellier/Documents/BUT3/Devoir S6/NodeJS/pokedex-api/src/middlewares/permission.js": {"path":"/Users/ioniletellier/Documents/BUT3/Devoir S6/NodeJS/pokedex-api/src/middlewares/permission.js","statementMap":{"0":{"start":{"line":1,"column":0},"end":{"line":5,"column":2}},"1":{"start":{"line":1,"column":27},"end":{"line":5,"column":1}},"2":{"start":{"line":2,"column":2},"end":{"line":2,"column":72}},"3":{"start":{"line":2,"column":17},"end":{"line":2,"column":72}},"4":{"start":{"line":3,"column":2},"end":{"line":3,"column":82}},"5":{"start":{"line":3,"column":30},"end":{"line":3,"column":82}},"6":{"start":{"line":4,"column":2},"end":{"line":4,"column":16}}},"fnMap":{"0":{"name":"(anonymous_0)","decl":{"start":{"line":1,"column":17},"end":{"line":1,"column":18}},"loc":{"start":{"line":1,"column":27},"end":{"line":5,"column":1}},"line":1},"1":{"name":"(anonymous_1)","decl":{"start":{"line":1,"column":27},"end":{"line":1,"column":28}},"loc":{"start":{"line":1,"column":47},"end":{"line":5,"column":1}},"line":1}},"branchMap":{"0":{"loc":{"start":{"line":2,"column":2},"end":{"line":2,"column":72}},"type":"if","locations":[{"start":{"line":2,"column":2},"end":{"line":2,"column":72}},{"start":{},"end":{}}],"line":2},"1":{"loc":{"start":{"line":3,"column":2},"end":{"line":3,"column":82}},"type":"if","locations":[{"start":{"line":3,"column":2},"end":{"line":3,"column":82}},{"start":{},"end":{}}],"line":3}},"s":{"0":3,"1":18,"2":17,"3":0,"4":17,"5":3,"6":14},"f":{"0":18,"1":17},"b":{"0":[0,17],"1":[3,14]},"_coverageSchema":"1a1c01bbd47fc00a2c39e90264f33305004495a9","hash":"26ac2872657e555d86f582b4b1365e1a885051b5"}
,"/Users/ioniletellier/Documents/BUT3/Devoir S6/NodeJS/pokedex-api/src/models/pkmnType.js": {"path":"/Users/ioniletellier/Documents/BUT3/Devoir S6/NodeJS/pokedex-api/src/models/pkmnType.js","statementMap":{"0":{"start":{"line":1,"column":17},"end":{"line":20,"column":1}},"1":{"start":{"line":22,"column":0},"end":{"line":22,"column":30}}},"fnMap":{},"branchMap":{},"s":{"0":3,"1":3},"f":{},"b":{},"_coverageSchema":"1a1c01bbd47fc00a2c39e90264f33305004495a9","hash":"b0e66f8d26147b72d4f559702ad04535595ed404"}
,"/Users/ioniletellier/Documents/BUT3/Devoir S6/NodeJS/pokedex-api/src/models/pokemon.js": {"path":"/Users/ioniletellier/Documents/BUT3/Devoir S6/NodeJS/pokedex-api/src/models/pokemon.js","statementMap":{"0":{"start":{"line":1,"column":17},"end":{"line":1,"column":36}},"1":{"start":{"line":2,"column":21},"end":{"line":2,"column":42}},"2":{"start":{"line":4,"column":21},"end":{"line":11,"column":1}},"3":{"start":{"line":13,"column":22},"end":{"line":20,"column":1}},"4":{"start":{"line":22,"column":24},"end":{"line":33,"column":1}},"5":{"start":{"line":35,"column":22},"end":{"line":79,"column":1}},"6":{"start":{"line":56,"column":56},"end":{"line":56,"column":58}},"7":{"start":{"line":68,"column":10},"end":{"line":71,"column":70}},"8":{"start":{"line":71,"column":27},"end":{"line":71,"column":69}},"9":{"start":{"line":81,"column":0},"end":{"line":81,"column":58}}},"fnMap":{"0":{"name":"(anonymous_0)","decl":{"start":{"line":56,"column":49},"end":{"line":56,"column":50}},"loc":{"start":{"line":56,"column":56},"end":{"line":56,"column":58}},"line":56},"1":{"name":"(anonymous_1)","decl":{"start":{"line":67,"column":19},"end":{"line":67,"column":20}},"loc":{"start":{"line":68,"column":10},"end":{"line":71,"column":70}},"line":68},"2":{"name":"(anonymous_2)","decl":{"start":{"line":71,"column":20},"end":{"line":71,"column":21}},"loc":{"start":{"line":71,"column":27},"end":{"line":71,"column":69}},"line":71}},"branchMap":{"0":{"loc":{"start":{"line":68,"column":10},"end":{"line":71,"column":70}},"type":"binary-expr","locations":[{"start":{"line":68,"column":10},"end":{"line":68,"column":28}},{"start":{"line":69,"column":10},"end":{"line":69,"column":25}},{"start":{"line":70,"column":10},"end":{"line":70,"column":25}},{"start":{"line":71,"column":10},"end":{"line":71,"column":70}}],"line":68}},"s":{"0":3,"1":3,"2":3,"3":3,"4":3,"5":3,"6":2,"7":4,"8":4,"9":3},"f":{"0":2,"1":4,"2":4},"b":{"0":[4,4,4,4]},"_coverageSchema":"1a1c01bbd47fc00a2c39e90264f33305004495a9","hash":"973c0e3aad64fa7c7027cd4ae057896a236428ed"}
,"/Users/ioniletellier/Documents/BUT3/Devoir S6/NodeJS/pokedex-api/src/models/trainer.js": {"path":"/Users/ioniletellier/Documents/BUT3/Devoir S6/NodeJS/pokedex-api/src/models/trainer.js","statementMap":{"0":{"start":{"line":1,"column":17},"end":{"line":1,"column":36}},"1":{"start":{"line":3,"column":19},"end":{"line":9,"column":1}},"2":{"start":{"line":11,"column":22},"end":{"line":17,"column":1}},"3":{"start":{"line":19,"column":0},"end":{"line":19,"column":58}}},"fnMap":{},"branchMap":{},"s":{"0":3,"1":3,"2":3,"3":3},"f":{},"b":{},"_coverageSchema":"1a1c01bbd47fc00a2c39e90264f33305004495a9","hash":"f0355a8bf31f48ee586ff13ad2308d94b5ed7a4a"}
,"/Users/ioniletellier/Documents/BUT3/Devoir S6/NodeJS/pokedex-api/src/models/user.js": {"path":"/Users/ioniletellier/Documents/BUT3/Devoir S6/NodeJS/pokedex-api/src/models/user.js","statementMap":{"0":{"start":{"line":1,"column":17},"end":{"line":1,"column":36}},"1":{"start":{"line":3,"column":19},"end":{"line":14,"column":1}},"2":{"start":{"line":16,"column":0},"end":{"line":16,"column":52}}},"fnMap":{},"branchMap":{},"s":{"0":3,"1":3,"2":3},"f":{},"b":{},"_coverageSchema":"1a1c01bbd47fc00a2c39e90264f33305004495a9","hash":"2a86dbfd6e46c3116417c9368eaf8887d1992596"}
,"/Users/ioniletellier/Documents/BUT3/Devoir S6/NodeJS/pokedex-api/src/routes/index.js": {"path":"/Users/ioniletellier/Documents/BUT3/Devoir S6/NodeJS/pokedex-api/src/routes/index.js","statementMap":{"0":{"start":{"line":1,"column":16},"end":{"line":1,"column":34}},"1":{"start":{"line":2,"column":19},"end":{"line":2,"column":42}},"2":{"start":{"line":3,"column":19},"end":{"line":3,"column":42}},"3":{"start":{"line":4,"column":22},"end":{"line":4,"column":48}},"4":{"start":{"line":6,"column":15},"end":{"line":6,"column":31}},"5":{"start":{"line":8,"column":0},"end":{"line":8,"column":32}},"6":{"start":{"line":9,"column":0},"end":{"line":9,"column":32}},"7":{"start":{"line":10,"column":0},"end":{"line":10,"column":38}},"8":{"start":{"line":12,"column":0},"end":{"line":12,"column":24}}},"fnMap":{},"branchMap":{},"s":{"0":3,"1":3,"2":3,"3":3,"4":3,"5":3,"6":3,"7":3,"8":3},"f":{},"b":{},"_coverageSchema":"1a1c01bbd47fc00a2c39e90264f33305004495a9","hash":"bf5fdebb52e00e1a1d56f50d89ef6a5eb690c234"}
,"/Users/ioniletellier/Documents/BUT3/Devoir S6/NodeJS/pokedex-api/src/routes/pkmnRoutes.js": {"path":"/Users/ioniletellier/Documents/BUT3/Devoir S6/NodeJS/pokedex-api/src/routes/pkmnRoutes.js","statementMap":{"0":{"start":{"line":1,"column":16},"end":{"line":1,"column":34}},"1":{"start":{"line":2,"column":15},"end":{"line":2,"column":32}},"2":{"start":{"line":4,"column":21},"end":{"line":4,"column":65}},"3":{"start":{"line":5,"column":13},"end":{"line":5,"column":56}},"4":{"start":{"line":7,"column":13},"end":{"line":7,"column":43}},"5":{"start":{"line":8,"column":19},"end":{"line":8,"column":55}},"6":{"start":{"line":10,"column":15},"end":{"line":10,"column":31}},"7":{"start":{"line":11,"column":15},"end":{"line":11,"column":23}},"8":{"start":{"line":14,"column":0},"end":{"line":14,"column":37}},"9":{"start":{"line":18,"column":0},"end":{"line":18,"column":72}},"10":{"start":{"line":21,"column":0},"end":{"line":21,"column":81}},"11":{"start":{"line":24,"column":0},"end":{"line":24,"column":35}},"12":{"start":{"line":27,"column":0},"end":{"line":27,"column":35}},"13":{"start":{"line":30,"column":0},"end":{"line":30,"column":59}},"14":{"start":{"line":33,"column":0},"end":{"line":33,"column":71}},"15":{"start":{"line":36,"column":0},"end":{"line":36,"column":71}},"16":{"start":{"line":39,"column":0},"end":{"line":39,"column":76}},"17":{"start":{"line":41,"column":0},"end":{"line":41,"column":24}}},"fnMap":{},"branchMap":{},"s":{"0":3,"1":3,"2":3,"3":3,"4":3,"5":3,"6":3,"7":3,"8":3,"9":3,"10":3,"11":3,"12":3,"13":3,"14":3,"15":3,"16":3,"17":3},"f":{},"b":{},"_coverageSchema":"1a1c01bbd47fc00a2c39e90264f33305004495a9","hash":"53acae9ed43e1c790b1b26e4d019a4dc0ee52f26"}
,"/Users/ioniletellier/Documents/BUT3/Devoir S6/NodeJS/pokedex-api/src/routes/trainerRoutes.js": {"path":"/Users/ioniletellier/Documents/BUT3/Devoir S6/NodeJS/pokedex-api/src/routes/trainerRoutes.js","statementMap":{"0":{"start":{"line":1,"column":16},"end":{"line":1,"column":34}},"1":{"start":{"line":2,"column":15},"end":{"line":2,"column":32}},"2":{"start":{"line":3,"column":13},"end":{"line":3,"column":43}},"3":{"start":{"line":4,"column":13},"end":{"line":4,"column":56}},"4":{"start":{"line":6,"column":15},"end":{"line":6,"column":31}},"5":{"start":{"line":7,"column":15},"end":{"line":7,"column":23}},"6":{"start":{"line":9,"column":0},"end":{"line":9,"column":38}},"7":{"start":{"line":10,"column":0},"end":{"line":10,"column":34}},"8":{"start":{"line":11,"column":0},"end":{"line":11,"column":40}},"9":{"start":{"line":12,"column":0},"end":{"line":12,"column":53}},"10":{"start":{"line":14,"column":0},"end":{"line":14,"column":24}}},"fnMap":{},"branchMap":{},"s":{"0":3,"1":3,"2":3,"3":3,"4":3,"5":3,"6":3,"7":3,"8":3,"9":3,"10":3},"f":{},"b":{},"_coverageSchema":"1a1c01bbd47fc00a2c39e90264f33305004495a9","hash":"c8d6de19d64f314bb9c5732a0b243ae645b974f2"}
,"/Users/ioniletellier/Documents/BUT3/Devoir S6/NodeJS/pokedex-api/src/routes/userRoutes.js": {"path":"/Users/ioniletellier/Documents/BUT3/Devoir S6/NodeJS/pokedex-api/src/routes/userRoutes.js","statementMap":{"0":{"start":{"line":1,"column":16},"end":{"line":1,"column":34}},"1":{"start":{"line":8,"column":4},"end":{"line":8,"column":44}},"2":{"start":{"line":9,"column":13},"end":{"line":9,"column":43}},"3":{"start":{"line":11,"column":15},"end":{"line":11,"column":31}},"4":{"start":{"line":13,"column":0},"end":{"line":13,"column":39}},"5":{"start":{"line":14,"column":0},"end":{"line":14,"column":33}},"6":{"start":{"line":15,"column":0},"end":{"line":15,"column":42}},"7":{"start":{"line":16,"column":0},"end":{"line":16,"column":49}},"8":{"start":{"line":17,"column":0},"end":{"line":17,"column":52}},"9":{"start":{"line":19,"column":0},"end":{"line":19,"column":24}}},"fnMap":{},"branchMap":{},"s":{"0":3,"1":3,"2":3,"3":3,"4":3,"5":3,"6":3,"7":3,"8":3,"9":3},"f":{},"b":{},"_coverageSchema":"1a1c01bbd47fc00a2c39e90264f33305004495a9","hash":"6dbd957d90eb8a63b6bc36ade364e299f519490b"}
,"/Users/ioniletellier/Documents/BUT3/Devoir S6/NodeJS/pokedex-api/src/services/pkmnTypeService.js": {"path":"/Users/ioniletellier/Documents/BUT3/Devoir S6/NodeJS/pokedex-api/src/services/pkmnTypeService.js","statementMap":{"0":{"start":{"line":1,"column":21},"end":{"line":1,"column":50}},"1":{"start":{"line":5,"column":2},"end":{"line":5,"column":23}},"2":{"start":{"line":8,"column":0},"end":{"line":8,"column":31}}},"fnMap":{"0":{"name":"listTypes","decl":{"start":{"line":3,"column":9},"end":{"line":3,"column":18}},"loc":{"start":{"line":3,"column":21},"end":{"line":6,"column":1}},"line":3}},"branchMap":{},"s":{"0":3,"1":1,"2":3},"f":{"0":1},"b":{},"_coverageSchema":"1a1c01bbd47fc00a2c39e90264f33305004495a9","hash":"278f953f6ad9741016b16ab610584a1dcc86dbd9"}
,"/Users/ioniletellier/Documents/BUT3/Devoir S6/NodeJS/pokedex-api/src/services/pokemonService.js": {"path":"/Users/ioniletellier/Documents/BUT3/Devoir S6/NodeJS/pokedex-api/src/services/pokemonService.js","statementMap":{"0":{"start":{"line":1,"column":17},"end":{"line":1,"column":36}},"1":{"start":{"line":2,"column":16},"end":{"line":2,"column":44}},"2":{"start":{"line":3,"column":53},"end":{"line":3,"column":85}},"3":{"start":{"line":4,"column":44},"end":{"line":4,"column":76}},"4":{"start":{"line":7,"column":2},"end":{"line":7,"column":46}},"5":{"start":{"line":11,"column":2},"end":{"line":11,"column":47}},"6":{"start":{"line":11,"column":34},"end":{"line":11,"column":47}},"7":{"start":{"line":12,"column":2},"end":{"line":12,"column":52}},"8":{"start":{"line":12,"column":33},"end":{"line":12,"column":52}},"9":{"start":{"line":14,"column":21},"end":{"line":16,"column":18}},"10":{"start":{"line":17,"column":2},"end":{"line":17,"column":100}},"11":{"start":{"line":21,"column":2},"end":{"line":25,"column":3}},"12":{"start":{"line":22,"column":16},"end":{"line":22,"column":50}},"13":{"start":{"line":23,"column":4},"end":{"line":23,"column":25}},"14":{"start":{"line":24,"column":4},"end":{"line":24,"column":14}},"15":{"start":{"line":29,"column":2},"end":{"line":29,"column":46}},"16":{"start":{"line":29,"column":33},"end":{"line":29,"column":46}},"17":{"start":{"line":30,"column":18},"end":{"line":30,"column":30}},"18":{"start":{"line":31,"column":2},"end":{"line":31,"column":29}},"19":{"start":{"line":31,"column":16},"end":{"line":31,"column":29}},"20":{"start":{"line":32,"column":2},"end":{"line":32,"column":74}},"21":{"start":{"line":32,"column":61},"end":{"line":32,"column":74}},"22":{"start":{"line":33,"column":2},"end":{"line":37,"column":3}},"23":{"start":{"line":34,"column":4},"end":{"line":34,"column":31}},"24":{"start":{"line":36,"column":4},"end":{"line":36,"column":17}},"25":{"start":{"line":41,"column":2},"end":{"line":41,"column":78}},"26":{"start":{"line":41,"column":61},"end":{"line":41,"column":78}},"27":{"start":{"line":42,"column":14},"end":{"line":42,"column":27}},"28":{"start":{"line":43,"column":2},"end":{"line":43,"column":48}},"29":{"start":{"line":47,"column":2},"end":{"line":47,"column":62}},"30":{"start":{"line":47,"column":45},"end":{"line":47,"column":62}},"31":{"start":{"line":48,"column":2},"end":{"line":48,"column":30}},"32":{"start":{"line":52,"column":14},"end":{"line":52,"column":35}},"33":{"start":{"line":53,"column":2},"end":{"line":53,"column":37}},"34":{"start":{"line":53,"column":27},"end":{"line":53,"column":37}},"35":{"start":{"line":54,"column":2},"end":{"line":54,"column":72}},"36":{"start":{"line":54,"column":28},"end":{"line":54,"column":54}},"37":{"start":{"line":58,"column":14},"end":{"line":58,"column":35}},"38":{"start":{"line":59,"column":2},"end":{"line":59,"column":37}},"39":{"start":{"line":59,"column":27},"end":{"line":59,"column":37}},"40":{"start":{"line":61,"column":2},"end":{"line":72,"column":21}},"41":{"start":{"line":63,"column":19},"end":{"line":63,"column":72}},"42":{"start":{"line":64,"column":19},"end":{"line":64,"column":49}},"43":{"start":{"line":65,"column":6},"end":{"line":65,"column":29}},"44":{"start":{"line":65,"column":17},"end":{"line":65,"column":29}},"45":{"start":{"line":66,"column":6},"end":{"line":70,"column":8}},"46":{"start":{"line":76,"column":14},"end":{"line":76,"column":35}},"47":{"start":{"line":77,"column":17},"end":{"line":77,"column":58}},"48":{"start":{"line":79,"column":13},"end":{"line":79,"column":48}},"49":{"start":{"line":80,"column":17},"end":{"line":80,"column":56}},"50":{"start":{"line":81,"column":18},"end":{"line":81,"column":58}},"51":{"start":{"line":82,"column":24},"end":{"line":82,"column":95}},"52":{"start":{"line":83,"column":25},"end":{"line":86,"column":3}},"53":{"start":{"line":87,"column":16},"end":{"line":87,"column":54}},"54":{"start":{"line":88,"column":16},"end":{"line":88,"column":115}},"55":{"start":{"line":90,"column":2},"end":{"line":90,"column":78}},"56":{"start":{"line":94,"column":15},"end":{"line":94,"column":17}},"57":{"start":{"line":96,"column":2},"end":{"line":99,"column":3}},"58":{"start":{"line":97,"column":22},"end":{"line":97,"column":66}},"59":{"start":{"line":98,"column":4},"end":{"line":98,"column":60}},"60":{"start":{"line":98,"column":33},"end":{"line":98,"column":60}},"61":{"start":{"line":101,"column":2},"end":{"line":104,"column":3}},"62":{"start":{"line":102,"column":30},"end":{"line":102,"column":82}},"63":{"start":{"line":103,"column":4},"end":{"line":103,"column":84}},"64":{"start":{"line":103,"column":41},"end":{"line":103,"column":84}},"65":{"start":{"line":106,"column":2},"end":{"line":106,"column":93}},"66":{"start":{"line":106,"column":34},"end":{"line":106,"column":93}},"67":{"start":{"line":107,"column":2},"end":{"line":109,"column":3}},"68":{"start":{"line":108,"column":4},"end":{"line":108,"column":77}},"69":{"start":{"line":110,"column":2},"end":{"line":110,"column":108}},"70":{"start":{"line":110,"column":39},"end":{"line":110,"column":108}},"71":{"start":{"line":112,"column":2},"end":{"line":112,"column":92}},"72":{"start":{"line":112,"column":36},"end":{"line":112,"column":92}},"73":{"start":{"line":113,"column":2},"end":{"line":113,"column":92}},"74":{"start":{"line":113,"column":36},"end":{"line":113,"column":92}},"75":{"start":{"line":114,"column":2},"end":{"line":116,"column":3}},"76":{"start":{"line":115,"column":4},"end":{"line":115,"column":76}},"77":{"start":{"line":118,"column":2},"end":{"line":118,"column":111}},"78":{"start":{"line":118,"column":40},"end":{"line":118,"column":111}},"79":{"start":{"line":119,"column":2},"end":{"line":119,"column":102}},"80":{"start":{"line":119,"column":37},"end":{"line":119,"column":102}},"81":{"start":{"line":120,"column":2},"end":{"line":120,"column":96}},"82":{"start":{"line":120,"column":35},"end":{"line":120,"column":96}},"83":{"start":{"line":121,"column":2},"end":{"line":121,"column":96}},"84":{"start":{"line":121,"column":35},"end":{"line":121,"column":96}},"85":{"start":{"line":122,"column":2},"end":{"line":122,"column":111}},"86":{"start":{"line":122,"column":40},"end":{"line":122,"column":111}},"87":{"start":{"line":124,"column":2},"end":{"line":124,"column":96}},"88":{"start":{"line":124,"column":39},"end":{"line":124,"column":96}},"89":{"start":{"line":125,"column":2},"end":{"line":125,"column":94}},"90":{"start":{"line":125,"column":39},"end":{"line":125,"column":94}},"91":{"start":{"line":126,"column":2},"end":{"line":126,"column":94}},"92":{"start":{"line":126,"column":39},"end":{"line":126,"column":94}},"93":{"start":{"line":128,"column":2},"end":{"line":128,"column":107}},"94":{"start":{"line":128,"column":41},"end":{"line":128,"column":107}},"95":{"start":{"line":129,"column":2},"end":{"line":131,"column":3}},"96":{"start":{"line":130,"column":4},"end":{"line":130,"column":74}},"97":{"start":{"line":132,"column":2},"end":{"line":132,"column":110}},"98":{"start":{"line":132,"column":42},"end":{"line":132,"column":110}},"99":{"start":{"line":133,"column":2},"end":{"line":133,"column":104}},"100":{"start":{"line":133,"column":40},"end":{"line":133,"column":104}},"101":{"start":{"line":135,"column":2},"end":{"line":135,"column":91}},"102":{"start":{"line":135,"column":41},"end":{"line":135,"column":91}},"103":{"start":{"line":136,"column":2},"end":{"line":136,"column":88}},"104":{"start":{"line":136,"column":40},"end":{"line":136,"column":88}},"105":{"start":{"line":137,"column":2},"end":{"line":137,"column":76}},"106":{"start":{"line":137,"column":36},"end":{"line":137,"column":76}},"107":{"start":{"line":139,"column":2},"end":{"line":139,"column":14}},"108":{"start":{"line":143,"column":2},"end":{"line":143,"column":41}},"109":{"start":{"line":143,"column":31},"end":{"line":143,"column":41}},"110":{"start":{"line":145,"column":2},"end":{"line":156,"column":5}},"111":{"start":{"line":146,"column":17},"end":{"line":146,"column":62}},"112":{"start":{"line":147,"column":25},"end":{"line":147,"column":87}},"113":{"start":{"line":149,"column":6},"end":{"line":150,"column":68}},"114":{"start":{"line":151,"column":4},"end":{"line":155,"column":6}},"115":{"start":{"line":160,"column":2},"end":{"line":160,"column":31}},"116":{"start":{"line":160,"column":16},"end":{"line":160,"column":31}},"117":{"start":{"line":161,"column":15},"end":{"line":161,"column":63}},"118":{"start":{"line":162,"column":2},"end":{"line":165,"column":4}},"119":{"start":{"line":169,"column":15},"end":{"line":169,"column":48}},"120":{"start":{"line":170,"column":2},"end":{"line":174,"column":3}},"121":{"start":{"line":171,"column":16},"end":{"line":171,"column":40}},"122":{"start":{"line":172,"column":4},"end":{"line":172,"column":25}},"123":{"start":{"line":173,"column":4},"end":{"line":173,"column":14}},"124":{"start":{"line":176,"column":17},"end":{"line":176,"column":52}},"125":{"start":{"line":177,"column":2},"end":{"line":181,"column":3}},"126":{"start":{"line":178,"column":16},"end":{"line":178,"column":42}},"127":{"start":{"line":179,"column":4},"end":{"line":179,"column":25}},"128":{"start":{"line":180,"column":4},"end":{"line":180,"column":14}},"129":{"start":{"line":183,"column":17},"end":{"line":183,"column":48}},"130":{"start":{"line":184,"column":2},"end":{"line":188,"column":3}},"131":{"start":{"line":185,"column":16},"end":{"line":185,"column":55}},"132":{"start":{"line":186,"column":4},"end":{"line":186,"column":25}},"133":{"start":{"line":187,"column":4},"end":{"line":187,"column":14}},"134":{"start":{"line":190,"column":19},"end":{"line":190,"column":54}},"135":{"start":{"line":191,"column":14},"end":{"line":191,"column":16}},"136":{"start":{"line":192,"column":2},"end":{"line":201,"column":3}},"137":{"start":{"line":193,"column":4},"end":{"line":193,"column":40}},"138":{"start":{"line":194,"column":9},"end":{"line":201,"column":3}},"139":{"start":{"line":195,"column":4},"end":{"line":198,"column":23}},"140":{"start":{"line":197,"column":22},"end":{"line":197,"column":42}},"141":{"start":{"line":200,"column":4},"end":{"line":200,"column":38}},"142":{"start":{"line":203,"column":23},"end":{"line":203,"column":58}},"143":{"start":{"line":204,"column":23},"end":{"line":204,"column":35}},"144":{"start":{"line":205,"column":2},"end":{"line":207,"column":3}},"145":{"start":{"line":206,"column":4},"end":{"line":206,"column":65}},"146":{"start":{"line":209,"column":25},"end":{"line":209,"column":60}},"147":{"start":{"line":211,"column":15},"end":{"line":219,"column":4}},"148":{"start":{"line":221,"column":2},"end":{"line":221,"column":29}},"149":{"start":{"line":225,"column":2},"end":{"line":229,"column":3}},"150":{"start":{"line":226,"column":16},"end":{"line":226,"column":75}},"151":{"start":{"line":227,"column":4},"end":{"line":227,"column":25}},"152":{"start":{"line":228,"column":4},"end":{"line":228,"column":14}},"153":{"start":{"line":231,"column":2},"end":{"line":231,"column":35}},"154":{"start":{"line":233,"column":15},"end":{"line":233,"column":45}},"155":{"start":{"line":234,"column":2},"end":{"line":238,"column":3}},"156":{"start":{"line":235,"column":16},"end":{"line":235,"column":48}},"157":{"start":{"line":236,"column":4},"end":{"line":236,"column":25}},"158":{"start":{"line":237,"column":4},"end":{"line":237,"column":14}},"159":{"start":{"line":240,"column":13},"end":{"line":240,"column":38}},"160":{"start":{"line":241,"column":14},"end":{"line":241,"column":41}},"161":{"start":{"line":243,"column":2},"end":{"line":247,"column":3}},"162":{"start":{"line":244,"column":16},"end":{"line":244,"column":46}},"163":{"start":{"line":245,"column":4},"end":{"line":245,"column":25}},"164":{"start":{"line":246,"column":4},"end":{"line":246,"column":14}},"165":{"start":{"line":248,"column":2},"end":{"line":252,"column":3}},"166":{"start":{"line":249,"column":16},"end":{"line":249,"column":57}},"167":{"start":{"line":250,"column":4},"end":{"line":250,"column":25}},"168":{"start":{"line":251,"column":4},"end":{"line":251,"column":14}},"169":{"start":{"line":254,"column":23},"end":{"line":254,"column":55}},"170":{"start":{"line":255,"column":27},"end":{"line":255,"column":67}},"171":{"start":{"line":257,"column":14},"end":{"line":260,"column":4}},"172":{"start":{"line":258,"column":20},"end":{"line":258,"column":60}},"173":{"start":{"line":259,"column":4},"end":{"line":259,"column":82}},"174":{"start":{"line":262,"column":2},"end":{"line":272,"column":3}},"175":{"start":{"line":263,"column":4},"end":{"line":263,"column":48}},"176":{"start":{"line":264,"column":4},"end":{"line":264,"column":48}},"177":{"start":{"line":265,"column":4},"end":{"line":265,"column":56}},"178":{"start":{"line":267,"column":4},"end":{"line":271,"column":7}},"179":{"start":{"line":274,"column":2},"end":{"line":274,"column":20}},"180":{"start":{"line":275,"column":2},"end":{"line":275,"column":29}},"181":{"start":{"line":279,"column":12},"end":{"line":279,"column":42}},"182":{"start":{"line":280,"column":12},"end":{"line":280,"column":58}},"183":{"start":{"line":282,"column":17},"end":{"line":282,"column":19}},"184":{"start":{"line":284,"column":2},"end":{"line":287,"column":3}},"185":{"start":{"line":285,"column":18},"end":{"line":285,"column":64}},"186":{"start":{"line":286,"column":4},"end":{"line":286,"column":76}},"187":{"start":{"line":289,"column":16},"end":{"line":289,"column":18}},"188":{"start":{"line":290,"column":2},"end":{"line":290,"column":50}},"189":{"start":{"line":290,"column":15},"end":{"line":290,"column":50}},"190":{"start":{"line":291,"column":2},"end":{"line":291,"column":50}},"191":{"start":{"line":291,"column":15},"end":{"line":291,"column":50}},"192":{"start":{"line":293,"column":2},"end":{"line":293,"column":50}},"193":{"start":{"line":293,"column":26},"end":{"line":293,"column":50}},"194":{"start":{"line":294,"column":2},"end":{"line":294,"column":57}},"195":{"start":{"line":294,"column":26},"end":{"line":294,"column":57}},"196":{"start":{"line":296,"column":24},"end":{"line":299,"column":4}},"197":{"start":{"line":301,"column":2},"end":{"line":301,"column":68}},"198":{"start":{"line":305,"column":2},"end":{"line":315,"column":3}},"199":{"start":{"line":306,"column":4},"end":{"line":306,"column":29}},"200":{"start":{"line":308,"column":14},"end":{"line":308,"column":40}},"201":{"start":{"line":309,"column":4},"end":{"line":313,"column":5}},"202":{"start":{"line":310,"column":18},"end":{"line":310,"column":50}},"203":{"start":{"line":311,"column":6},"end":{"line":311,"column":27}},"204":{"start":{"line":312,"column":6},"end":{"line":312,"column":16}},"205":{"start":{"line":314,"column":4},"end":{"line":314,"column":28}},"206":{"start":{"line":317,"column":2},"end":{"line":329,"column":3}},"207":{"start":{"line":318,"column":22},"end":{"line":318,"column":41}},"208":{"start":{"line":320,"column":6},"end":{"line":322,"column":50}},"209":{"start":{"line":323,"column":4},"end":{"line":327,"column":5}},"210":{"start":{"line":324,"column":18},"end":{"line":324,"column":50}},"211":{"start":{"line":325,"column":6},"end":{"line":325,"column":27}},"212":{"start":{"line":326,"column":6},"end":{"line":326,"column":16}},"213":{"start":{"line":328,"column":4},"end":{"line":328,"column":28}},"214":{"start":{"line":331,"column":14},"end":{"line":331,"column":45}},"215":{"start":{"line":332,"column":2},"end":{"line":332,"column":23}},"216":{"start":{"line":333,"column":2},"end":{"line":333,"column":12}},"217":{"start":{"line":337,"column":2},"end":{"line":341,"column":3}},"218":{"start":{"line":338,"column":16},"end":{"line":338,"column":38}},"219":{"start":{"line":339,"column":4},"end":{"line":339,"column":25}},"220":{"start":{"line":340,"column":4},"end":{"line":340,"column":14}},"221":{"start":{"line":343,"column":2},"end":{"line":343,"column":27}},"222":{"start":{"line":345,"column":18},"end":{"line":345,"column":53}},"223":{"start":{"line":346,"column":2},"end":{"line":350,"column":3}},"224":{"start":{"line":347,"column":16},"end":{"line":347,"column":48}},"225":{"start":{"line":348,"column":4},"end":{"line":348,"column":25}},"226":{"start":{"line":349,"column":4},"end":{"line":349,"column":14}},"227":{"start":{"line":354,"column":2},"end":{"line":358,"column":3}},"228":{"start":{"line":355,"column":16},"end":{"line":355,"column":38}},"229":{"start":{"line":356,"column":4},"end":{"line":356,"column":25}},"230":{"start":{"line":357,"column":4},"end":{"line":357,"column":14}},"231":{"start":{"line":360,"column":2},"end":{"line":360,"column":27}},"232":{"start":{"line":362,"column":18},"end":{"line":362,"column":44}},"233":{"start":{"line":363,"column":2},"end":{"line":367,"column":3}},"234":{"start":{"line":364,"column":16},"end":{"line":364,"column":48}},"235":{"start":{"line":365,"column":4},"end":{"line":365,"column":25}},"236":{"start":{"line":366,"column":4},"end":{"line":366,"column":14}},"237":{"start":{"line":369,"column":18},"end":{"line":369,"column":20}},"238":{"start":{"line":370,"column":25},"end":{"line":370,"column":58}},"239":{"start":{"line":371,"column":2},"end":{"line":371,"column":41}},"240":{"start":{"line":373,"column":2},"end":{"line":373,"column":73}},"241":{"start":{"line":373,"column":32},"end":{"line":373,"column":73}},"242":{"start":{"line":374,"column":2},"end":{"line":374,"column":79}},"243":{"start":{"line":374,"column":34},"end":{"line":374,"column":79}},"244":{"start":{"line":375,"column":2},"end":{"line":375,"column":79}},"245":{"start":{"line":375,"column":34},"end":{"line":375,"column":79}},"246":{"start":{"line":376,"column":2},"end":{"line":376,"column":87}},"247":{"start":{"line":376,"column":39},"end":{"line":376,"column":87}},"248":{"start":{"line":378,"column":2},"end":{"line":394,"column":3}},"249":{"start":{"line":379,"column":16},"end":{"line":379,"column":43}},"250":{"start":{"line":380,"column":16},"end":{"line":380,"column":18}},"251":{"start":{"line":382,"column":4},"end":{"line":391,"column":5}},"252":{"start":{"line":383,"column":6},"end":{"line":383,"column":37}},"253":{"start":{"line":384,"column":11},"end":{"line":391,"column":5}},"254":{"start":{"line":385,"column":6},"end":{"line":388,"column":25}},"255":{"start":{"line":387,"column":24},"end":{"line":387,"column":44}},"256":{"start":{"line":390,"column":6},"end":{"line":390,"column":35}},"257":{"start":{"line":393,"column":4},"end":{"line":393,"column":26}},"258":{"start":{"line":396,"column":25},"end":{"line":396,"column":51}},"259":{"start":{"line":397,"column":19},"end":{"line":397,"column":47}},"260":{"start":{"line":398,"column":24},"end":{"line":398,"column":59}},"261":{"start":{"line":399,"column":2},"end":{"line":401,"column":3}},"262":{"start":{"line":400,"column":4},"end":{"line":400,"column":69}},"263":{"start":{"line":403,"column":12},"end":{"line":406,"column":4}},"264":{"start":{"line":408,"column":2},"end":{"line":408,"column":26}},"265":{"start":{"line":412,"column":2},"end":{"line":416,"column":3}},"266":{"start":{"line":413,"column":16},"end":{"line":413,"column":56}},"267":{"start":{"line":414,"column":4},"end":{"line":414,"column":25}},"268":{"start":{"line":415,"column":4},"end":{"line":415,"column":14}},"269":{"start":{"line":418,"column":2},"end":{"line":418,"column":35}},"270":{"start":{"line":420,"column":12},"end":{"line":420,"column":42}},"271":{"start":{"line":421,"column":2},"end":{"line":425,"column":3}},"272":{"start":{"line":422,"column":16},"end":{"line":422,"column":48}},"273":{"start":{"line":423,"column":4},"end":{"line":423,"column":25}},"274":{"start":{"line":424,"column":4},"end":{"line":424,"column":14}},"275":{"start":{"line":427,"column":17},"end":{"line":427,"column":33}},"276":{"start":{"line":429,"column":2},"end":{"line":431,"column":4}},"277":{"start":{"line":430,"column":11},"end":{"line":430,"column":74}},"278":{"start":{"line":433,"column":2},"end":{"line":437,"column":3}},"279":{"start":{"line":434,"column":16},"end":{"line":434,"column":62}},"280":{"start":{"line":435,"column":4},"end":{"line":435,"column":25}},"281":{"start":{"line":436,"column":4},"end":{"line":436,"column":14}},"282":{"start":{"line":439,"column":2},"end":{"line":439,"column":17}},"283":{"start":{"line":443,"column":16},"end":{"line":443,"column":20}},"284":{"start":{"line":445,"column":2},"end":{"line":454,"column":3}},"285":{"start":{"line":446,"column":4},"end":{"line":446,"column":37}},"286":{"start":{"line":447,"column":4},"end":{"line":447,"column":45}},"287":{"start":{"line":448,"column":9},"end":{"line":454,"column":3}},"288":{"start":{"line":449,"column":4},"end":{"line":449,"column":67}},"289":{"start":{"line":451,"column":16},"end":{"line":451,"column":50}},"290":{"start":{"line":452,"column":4},"end":{"line":452,"column":25}},"291":{"start":{"line":453,"column":4},"end":{"line":453,"column":14}},"292":{"start":{"line":456,"column":2},"end":{"line":460,"column":3}},"293":{"start":{"line":457,"column":16},"end":{"line":457,"column":48}},"294":{"start":{"line":458,"column":4},"end":{"line":458,"column":25}},"295":{"start":{"line":459,"column":4},"end":{"line":459,"column":14}},"296":{"start":{"line":462,"column":25},"end":{"line":462,"column":69}},"297":{"start":{"line":463,"column":2},"end":{"line":465,"column":3}},"298":{"start":{"line":464,"column":4},"end":{"line":464,"column":34}},"299":{"start":{"line":467,"column":17},"end":{"line":467,"column":68}},"300":{"start":{"line":468,"column":2},"end":{"line":474,"column":3}},"301":{"start":{"line":469,"column":4},"end":{"line":469,"column":28}},"302":{"start":{"line":470,"column":4},"end":{"line":470,"column":25}},"303":{"start":{"line":471,"column":9},"end":{"line":474,"column":3}},"304":{"start":{"line":472,"column":4},"end":{"line":472,"column":24}},"305":{"start":{"line":473,"column":4},"end":{"line":473,"column":25}},"306":{"start":{"line":476,"column":2},"end":{"line":476,"column":32}},"307":{"start":{"line":479,"column":0},"end":{"line":488,"column":2}}},"fnMap":{"0":{"name":"normalizeType","decl":{"start":{"line":6,"column":9},"end":{"line":6,"column":22}},"loc":{"start":{"line":6,"column":26},"end":{"line":8,"column":1}},"line":6},"1":{"name":"toBoolean","decl":{"start":{"line":10,"column":9},"end":{"line":10,"column":18}},"loc":{"start":{"line":10,"column":26},"end":{"line":18,"column":1}},"line":10},"2":{"name":"assertObjectId","decl":{"start":{"line":20,"column":9},"end":{"line":20,"column":23}},"loc":{"start":{"line":20,"column":46},"end":{"line":26,"column":1}},"line":20},"3":{"name":"parseMaybeJson","decl":{"start":{"line":28,"column":9},"end":{"line":28,"column":23}},"loc":{"start":{"line":28,"column":31},"end":{"line":38,"column":1}},"line":28},"4":{"name":"toFiniteNumberOrUndefined","decl":{"start":{"line":40,"column":9},"end":{"line":40,"column":34}},"loc":{"start":{"line":40,"column":42},"end":{"line":44,"column":1}},"line":40},"5":{"name":"toTrimmedStringOrUndefined","decl":{"start":{"line":46,"column":9},"end":{"line":46,"column":35}},"loc":{"start":{"line":46,"column":43},"end":{"line":49,"column":1}},"line":46},"6":{"name":"normalizeStringArray","decl":{"start":{"line":51,"column":9},"end":{"line":51,"column":29}},"loc":{"start":{"line":51,"column":37},"end":{"line":55,"column":1}},"line":51},"7":{"name":"(anonymous_7)","decl":{"start":{"line":54,"column":17},"end":{"line":54,"column":18}},"loc":{"start":{"line":54,"column":28},"end":{"line":54,"column":54}},"line":54},"8":{"name":"normalizeAbilities","decl":{"start":{"line":57,"column":9},"end":{"line":57,"column":27}},"loc":{"start":{"line":57,"column":35},"end":{"line":73,"column":1}},"line":57},"9":{"name":"(anonymous_9)","decl":{"start":{"line":62,"column":9},"end":{"line":62,"column":10}},"loc":{"start":{"line":62,"column":29},"end":{"line":71,"column":5}},"line":62},"10":{"name":"normalizeBaseStats","decl":{"start":{"line":75,"column":9},"end":{"line":75,"column":27}},"loc":{"start":{"line":75,"column":35},"end":{"line":91,"column":1}},"line":75},"11":{"name":"buildExtendedPokemonFields","decl":{"start":{"line":93,"column":9},"end":{"line":93,"column":35}},"loc":{"start":{"line":93,"column":50},"end":{"line":140,"column":1}},"line":93},"12":{"name":"enrichRegions","decl":{"start":{"line":142,"column":9},"end":{"line":142,"column":22}},"loc":{"start":{"line":142,"column":32},"end":{"line":157,"column":1}},"line":142},"13":{"name":"(anonymous_13)","decl":{"start":{"line":145,"column":21},"end":{"line":145,"column":22}},"loc":{"start":{"line":145,"column":33},"end":{"line":156,"column":3}},"line":145},"14":{"name":"enrichPokemon","decl":{"start":{"line":159,"column":9},"end":{"line":159,"column":22}},"loc":{"start":{"line":159,"column":32},"end":{"line":166,"column":1}},"line":159},"15":{"name":"createPokemon","decl":{"start":{"line":168,"column":15},"end":{"line":168,"column":28}},"loc":{"start":{"line":168,"column":38},"end":{"line":222,"column":1}},"line":168},"16":{"name":"(anonymous_16)","decl":{"start":{"line":197,"column":11},"end":{"line":197,"column":12}},"loc":{"start":{"line":197,"column":22},"end":{"line":197,"column":42}},"line":197},"17":{"name":"addRegion","decl":{"start":{"line":224,"column":15},"end":{"line":224,"column":24}},"loc":{"start":{"line":224,"column":70},"end":{"line":276,"column":1}},"line":224},"18":{"name":"(anonymous_18)","decl":{"start":{"line":257,"column":37},"end":{"line":257,"column":38}},"loc":{"start":{"line":257,"column":44},"end":{"line":260,"column":3}},"line":257},"19":{"name":"searchPokemons","decl":{"start":{"line":278,"column":15},"end":{"line":278,"column":29}},"loc":{"start":{"line":278,"column":86},"end":{"line":302,"column":1}},"line":278},"20":{"name":"getOne","decl":{"start":{"line":304,"column":15},"end":{"line":304,"column":21}},"loc":{"start":{"line":304,"column":36},"end":{"line":334,"column":1}},"line":304},"21":{"name":"deletePokemon","decl":{"start":{"line":336,"column":15},"end":{"line":336,"column":28}},"loc":{"start":{"line":336,"column":37},"end":{"line":351,"column":1}},"line":336},"22":{"name":"updatePokemon","decl":{"start":{"line":353,"column":15},"end":{"line":353,"column":28}},"loc":{"start":{"line":353,"column":44},"end":{"line":409,"column":1}},"line":353},"23":{"name":"(anonymous_23)","decl":{"start":{"line":387,"column":13},"end":{"line":387,"column":14}},"loc":{"start":{"line":387,"column":24},"end":{"line":387,"column":44}},"line":387},"24":{"name":"removeRegion","decl":{"start":{"line":411,"column":15},"end":{"line":411,"column":27}},"loc":{"start":{"line":411,"column":52},"end":{"line":440,"column":1}},"line":411},"25":{"name":"(anonymous_25)","decl":{"start":{"line":430,"column":4},"end":{"line":430,"column":5}},"loc":{"start":{"line":430,"column":11},"end":{"line":430,"column":74}},"line":430},"26":{"name":"syncPokemonCry","decl":{"start":{"line":442,"column":15},"end":{"line":442,"column":29}},"loc":{"start":{"line":442,"column":63},"end":{"line":477,"column":1}},"line":442}},"branchMap":{"0":{"loc":{"start":{"line":7,"column":16},"end":{"line":7,"column":23}},"type":"binary-expr","locations":[{"start":{"line":7,"column":16},"end":{"line":7,"column":17}},{"start":{"line":7,"column":21},"end":{"line":7,"column":23}}],"line":7},"1":{"loc":{"start":{"line":11,"column":2},"end":{"line":11,"column":47}},"type":"if","locations":[{"start":{"line":11,"column":2},"end":{"line":11,"column":47}},{"start":{},"end":{}}],"line":11},"2":{"loc":{"start":{"line":12,"column":2},"end":{"line":12,"column":52}},"type":"if","locations":[{"start":{"line":12,"column":2},"end":{"line":12,"column":52}},{"start":{},"end":{}}],"line":12},"3":{"loc":{"start":{"line":14,"column":28},"end":{"line":14,"column":39}},"type":"binary-expr","locations":[{"start":{"line":14,"column":28},"end":{"line":14,"column":33}},{"start":{"line":14,"column":37},"end":{"line":14,"column":39}}],"line":14},"4":{"loc":{"start":{"line":17,"column":9},"end":{"line":17,"column":99}},"type":"binary-expr","locations":[{"start":{"line":17,"column":9},"end":{"line":17,"column":30}},{"start":{"line":17,"column":34},"end":{"line":17,"column":52}},{"start":{"line":17,"column":56},"end":{"line":17,"column":76}},{"start":{"line":17,"column":80},"end":{"line":17,"column":99}}],"line":17},"5":{"loc":{"start":{"line":20,"column":28},"end":{"line":20,"column":44}},"type":"default-arg","locations":[{"start":{"line":20,"column":40},"end":{"line":20,"column":44}}],"line":20},"6":{"loc":{"start":{"line":21,"column":2},"end":{"line":25,"column":3}},"type":"if","locations":[{"start":{"line":21,"column":2},"end":{"line":25,"column":3}},{"start":{},"end":{}}],"line":21},"7":{"loc":{"start":{"line":29,"column":2},"end":{"line":29,"column":46}},"type":"if","locations":[{"start":{"line":29,"column":2},"end":{"line":29,"column":46}},{"start":{},"end":{}}],"line":29},"8":{"loc":{"start":{"line":31,"column":2},"end":{"line":31,"column":29}},"type":"if","locations":[{"start":{"line":31,"column":2},"end":{"line":31,"column":29}},{"start":{},"end":{}}],"line":31},"9":{"loc":{"start":{"line":32,"column":2},"end":{"line":32,"column":74}},"type":"if","locations":[{"start":{"line":32,"column":2},"end":{"line":32,"column":74}},{"start":{},"end":{}}],"line":32},"10":{"loc":{"start":{"line":32,"column":8},"end":{"line":32,"column":58}},"type":"binary-expr","locations":[{"start":{"line":32,"column":8},"end":{"line":32,"column":31}},{"start":{"line":32,"column":35},"end":{"line":32,"column":58}}],"line":32},"11":{"loc":{"start":{"line":41,"column":2},"end":{"line":41,"column":78}},"type":"if","locations":[{"start":{"line":41,"column":2},"end":{"line":41,"column":78}},{"start":{},"end":{}}],"line":41},"12":{"loc":{"start":{"line":41,"column":6},"end":{"line":41,"column":59}},"type":"binary-expr","locations":[{"start":{"line":41,"column":6},"end":{"line":41,"column":25}},{"start":{"line":41,"column":29},"end":{"line":41,"column":43}},{"start":{"line":41,"column":47},"end":{"line":41,"column":59}}],"line":41},"13":{"loc":{"start":{"line":43,"column":9},"end":{"line":43,"column":47}},"type":"cond-expr","locations":[{"start":{"line":43,"column":32},"end":{"line":43,"column":35}},{"start":{"line":43,"column":38},"end":{"line":43,"column":47}}],"line":43},"14":{"loc":{"start":{"line":47,"column":2},"end":{"line":47,"column":62}},"type":"if","locations":[{"start":{"line":47,"column":2},"end":{"line":47,"column":62}},{"start":{},"end":{}}],"line":47},"15":{"loc":{"start":{"line":47,"column":6},"end":{"line":47,"column":43}},"type":"binary-expr","locations":[{"start":{"line":47,"column":6},"end":{"line":47,"column":25}},{"start":{"line":47,"column":29},"end":{"line":47,"column":43}}],"line":47},"16":{"loc":{"start":{"line":53,"column":2},"end":{"line":53,"column":37}},"type":"if","locations":[{"start":{"line":53,"column":2},"end":{"line":53,"column":37}},{"start":{},"end":{}}],"line":53},"17":{"loc":{"start":{"line":54,"column":35},"end":{"line":54,"column":46}},"type":"binary-expr","locations":[{"start":{"line":54,"column":35},"end":{"line":54,"column":40}},{"start":{"line":54,"column":44},"end":{"line":54,"column":46}}],"line":54},"18":{"loc":{"start":{"line":59,"column":2},"end":{"line":59,"column":37}},"type":"if","locations":[{"start":{"line":59,"column":2},"end":{"line":59,"column":37}},{"start":{},"end":{}}],"line":59},"19":{"loc":{"start":{"line":63,"column":19},"end":{"line":63,"column":72}},"type":"cond-expr","locations":[{"start":{"line":63,"column":60},"end":{"line":63,"column":67}},{"start":{"line":63,"column":70},"end":{"line":63,"column":72}}],"line":63},"20":{"loc":{"start":{"line":63,"column":19},"end":{"line":63,"column":57}},"type":"binary-expr","locations":[{"start":{"line":63,"column":19},"end":{"line":63,"column":26}},{"start":{"line":63,"column":30},"end":{"line":63,"column":57}}],"line":63},"21":{"loc":{"start":{"line":64,"column":26},"end":{"line":64,"column":41}},"type":"binary-expr","locations":[{"start":{"line":64,"column":26},"end":{"line":64,"column":35}},{"start":{"line":64,"column":39},"end":{"line":64,"column":41}}],"line":64},"22":{"loc":{"start":{"line":65,"column":6},"end":{"line":65,"column":29}},"type":"if","locations":[{"start":{"line":65,"column":6},"end":{"line":65,"column":29}},{"start":{},"end":{}}],"line":65},"23":{"loc":{"start":{"line":68,"column":28},"end":{"line":68,"column":59}},"type":"binary-expr","locations":[{"start":{"line":68,"column":28},"end":{"line":68,"column":41}},{"start":{"line":68,"column":45},"end":{"line":68,"column":59}}],"line":68},"24":{"loc":{"start":{"line":69,"column":14},"end":{"line":69,"column":80}},"type":"cond-expr","locations":[{"start":{"line":69,"column":51},"end":{"line":69,"column":68}},{"start":{"line":69,"column":71},"end":{"line":69,"column":80}}],"line":69},"25":{"loc":{"start":{"line":77,"column":17},"end":{"line":77,"column":58}},"type":"cond-expr","locations":[{"start":{"line":77,"column":50},"end":{"line":77,"column":53}},{"start":{"line":77,"column":56},"end":{"line":77,"column":58}}],"line":77},"26":{"loc":{"start":{"line":77,"column":17},"end":{"line":77,"column":47}},"type":"binary-expr","locations":[{"start":{"line":77,"column":17},"end":{"line":77,"column":20}},{"start":{"line":77,"column":24},"end":{"line":77,"column":47}}],"line":77},"27":{"loc":{"start":{"line":79,"column":25},"end":{"line":79,"column":47}},"type":"binary-expr","locations":[{"start":{"line":79,"column":25},"end":{"line":79,"column":42}},{"start":{"line":79,"column":46},"end":{"line":79,"column":47}}],"line":79},"28":{"loc":{"start":{"line":80,"column":29},"end":{"line":80,"column":55}},"type":"binary-expr","locations":[{"start":{"line":80,"column":29},"end":{"line":80,"column":50}},{"start":{"line":80,"column":54},"end":{"line":80,"column":55}}],"line":80},"29":{"loc":{"start":{"line":81,"column":30},"end":{"line":81,"column":57}},"type":"binary-expr","locations":[{"start":{"line":81,"column":30},"end":{"line":81,"column":52}},{"start":{"line":81,"column":56},"end":{"line":81,"column":57}}],"line":81},"30":{"loc":{"start":{"line":82,"column":36},"end":{"line":82,"column":94}},"type":"binary-expr","locations":[{"start":{"line":82,"column":36},"end":{"line":82,"column":89}},{"start":{"line":82,"column":93},"end":{"line":82,"column":94}}],"line":82},"31":{"loc":{"start":{"line":82,"column":43},"end":{"line":82,"column":88}},"type":"binary-expr","locations":[{"start":{"line":82,"column":43},"end":{"line":82,"column":63}},{"start":{"line":82,"column":67},"end":{"line":82,"column":88}}],"line":82},"32":{"loc":{"start":{"line":85,"column":4},"end":{"line":85,"column":64}},"type":"binary-expr","locations":[{"start":{"line":85,"column":4},"end":{"line":85,"column":59}},{"start":{"line":85,"column":63},"end":{"line":85,"column":64}}],"line":85},"33":{"loc":{"start":{"line":85,"column":11},"end":{"line":85,"column":58}},"type":"binary-expr","locations":[{"start":{"line":85,"column":11},"end":{"line":85,"column":32}},{"start":{"line":85,"column":36},"end":{"line":85,"column":58}}],"line":85},"34":{"loc":{"start":{"line":87,"column":28},"end":{"line":87,"column":53}},"type":"binary-expr","locations":[{"start":{"line":87,"column":28},"end":{"line":87,"column":48}},{"start":{"line":87,"column":52},"end":{"line":87,"column":53}}],"line":87},"35":{"loc":{"start":{"line":88,"column":28},"end":{"line":88,"column":114}},"type":"binary-expr","locations":[{"start":{"line":88,"column":28},"end":{"line":88,"column":48}},{"start":{"line":88,"column":52},"end":{"line":88,"column":114}}],"line":88},"36":{"loc":{"start":{"line":93,"column":36},"end":{"line":93,"column":48}},"type":"default-arg","locations":[{"start":{"line":93,"column":46},"end":{"line":93,"column":48}}],"line":93},"37":{"loc":{"start":{"line":96,"column":2},"end":{"line":99,"column":3}},"type":"if","locations":[{"start":{"line":96,"column":2},"end":{"line":99,"column":3}},{"start":{},"end":{}}],"line":96},"38":{"loc":{"start":{"line":98,"column":4},"end":{"line":98,"column":60}},"type":"if","locations":[{"start":{"line":98,"column":4},"end":{"line":98,"column":60}},{"start":{},"end":{}}],"line":98},"39":{"loc":{"start":{"line":101,"column":2},"end":{"line":104,"column":3}},"type":"if","locations":[{"start":{"line":101,"column":2},"end":{"line":104,"column":3}},{"start":{},"end":{}}],"line":101},"40":{"loc":{"start":{"line":103,"column":4},"end":{"line":103,"column":84}},"type":"if","locations":[{"start":{"line":103,"column":4},"end":{"line":103,"column":84}},{"start":{},"end":{}}],"line":103},"41":{"loc":{"start":{"line":106,"column":2},"end":{"line":106,"column":93}},"type":"if","locations":[{"start":{"line":106,"column":2},"end":{"line":106,"column":93}},{"start":{},"end":{}}],"line":106},"42":{"loc":{"start":{"line":106,"column":46},"end":{"line":106,"column":92}},"type":"binary-expr","locations":[{"start":{"line":106,"column":46},"end":{"line":106,"column":86}},{"start":{"line":106,"column":90},"end":{"line":106,"column":92}}],"line":106},"43":{"loc":{"start":{"line":107,"column":2},"end":{"line":109,"column":3}},"type":"if","locations":[{"start":{"line":107,"column":2},"end":{"line":109,"column":3}},{"start":{},"end":{}}],"line":107},"44":{"loc":{"start":{"line":108,"column":23},"end":{"line":108,"column":76}},"type":"binary-expr","locations":[{"start":{"line":108,"column":23},"end":{"line":108,"column":70}},{"start":{"line":108,"column":74},"end":{"line":108,"column":76}}],"line":108},"45":{"loc":{"start":{"line":110,"column":2},"end":{"line":110,"column":108}},"type":"if","locations":[{"start":{"line":110,"column":2},"end":{"line":110,"column":108}},{"start":{},"end":{}}],"line":110},"46":{"loc":{"start":{"line":110,"column":56},"end":{"line":110,"column":107}},"type":"binary-expr","locations":[{"start":{"line":110,"column":56},"end":{"line":110,"column":101}},{"start":{"line":110,"column":105},"end":{"line":110,"column":107}}],"line":110},"47":{"loc":{"start":{"line":112,"column":2},"end":{"line":112,"column":92}},"type":"if","locations":[{"start":{"line":112,"column":2},"end":{"line":112,"column":92}},{"start":{},"end":{}}],"line":112},"48":{"loc":{"start":{"line":113,"column":2},"end":{"line":113,"column":92}},"type":"if","locations":[{"start":{"line":113,"column":2},"end":{"line":113,"column":92}},{"start":{},"end":{}}],"line":113},"49":{"loc":{"start":{"line":114,"column":2},"end":{"line":116,"column":3}},"type":"if","locations":[{"start":{"line":114,"column":2},"end":{"line":116,"column":3}},{"start":{},"end":{}}],"line":114},"50":{"loc":{"start":{"line":118,"column":2},"end":{"line":118,"column":111}},"type":"if","locations":[{"start":{"line":118,"column":2},"end":{"line":118,"column":111}},{"start":{},"end":{}}],"line":118},"51":{"loc":{"start":{"line":118,"column":58},"end":{"line":118,"column":110}},"type":"binary-expr","locations":[{"start":{"line":118,"column":58},"end":{"line":118,"column":104}},{"start":{"line":118,"column":108},"end":{"line":118,"column":110}}],"line":118},"52":{"loc":{"start":{"line":119,"column":2},"end":{"line":119,"column":102}},"type":"if","locations":[{"start":{"line":119,"column":2},"end":{"line":119,"column":102}},{"start":{},"end":{}}],"line":119},"53":{"loc":{"start":{"line":119,"column":52},"end":{"line":119,"column":101}},"type":"binary-expr","locations":[{"start":{"line":119,"column":52},"end":{"line":119,"column":95}},{"start":{"line":119,"column":99},"end":{"line":119,"column":101}}],"line":119},"54":{"loc":{"start":{"line":120,"column":2},"end":{"line":120,"column":96}},"type":"if","locations":[{"start":{"line":120,"column":2},"end":{"line":120,"column":96}},{"start":{},"end":{}}],"line":120},"55":{"loc":{"start":{"line":120,"column":48},"end":{"line":120,"column":95}},"type":"binary-expr","locations":[{"start":{"line":120,"column":48},"end":{"line":120,"column":89}},{"start":{"line":120,"column":93},"end":{"line":120,"column":95}}],"line":120},"56":{"loc":{"start":{"line":121,"column":2},"end":{"line":121,"column":96}},"type":"if","locations":[{"start":{"line":121,"column":2},"end":{"line":121,"column":96}},{"start":{},"end":{}}],"line":121},"57":{"loc":{"start":{"line":121,"column":48},"end":{"line":121,"column":95}},"type":"binary-expr","locations":[{"start":{"line":121,"column":48},"end":{"line":121,"column":89}},{"start":{"line":121,"column":93},"end":{"line":121,"column":95}}],"line":121},"58":{"loc":{"start":{"line":122,"column":2},"end":{"line":122,"column":111}},"type":"if","locations":[{"start":{"line":122,"column":2},"end":{"line":122,"column":111}},{"start":{},"end":{}}],"line":122},"59":{"loc":{"start":{"line":122,"column":58},"end":{"line":122,"column":110}},"type":"binary-expr","locations":[{"start":{"line":122,"column":58},"end":{"line":122,"column":104}},{"start":{"line":122,"column":108},"end":{"line":122,"column":110}}],"line":122},"60":{"loc":{"start":{"line":124,"column":2},"end":{"line":124,"column":96}},"type":"if","locations":[{"start":{"line":124,"column":2},"end":{"line":124,"column":96}},{"start":{},"end":{}}],"line":124},"61":{"loc":{"start":{"line":125,"column":2},"end":{"line":125,"column":94}},"type":"if","locations":[{"start":{"line":125,"column":2},"end":{"line":125,"column":94}},{"start":{},"end":{}}],"line":125},"62":{"loc":{"start":{"line":126,"column":2},"end":{"line":126,"column":94}},"type":"if","locations":[{"start":{"line":126,"column":2},"end":{"line":126,"column":94}},{"start":{},"end":{}}],"line":126},"63":{"loc":{"start":{"line":128,"column":2},"end":{"line":128,"column":107}},"type":"if","locations":[{"start":{"line":128,"column":2},"end":{"line":128,"column":107}},{"start":{},"end":{}}],"line":128},"64":{"loc":{"start":{"line":129,"column":2},"end":{"line":131,"column":3}},"type":"if","locations":[{"start":{"line":129,"column":2},"end":{"line":131,"column":3}},{"start":{},"end":{}}],"line":129},"65":{"loc":{"start":{"line":132,"column":2},"end":{"line":132,"column":110}},"type":"if","locations":[{"start":{"line":132,"column":2},"end":{"line":132,"column":110}},{"start":{},"end":{}}],"line":132},"66":{"loc":{"start":{"line":133,"column":2},"end":{"line":133,"column":104}},"type":"if","locations":[{"start":{"line":133,"column":2},"end":{"line":133,"column":104}},{"start":{},"end":{}}],"line":133},"67":{"loc":{"start":{"line":135,"column":2},"end":{"line":135,"column":91}},"type":"if","locations":[{"start":{"line":135,"column":2},"end":{"line":135,"column":91}},{"start":{},"end":{}}],"line":135},"68":{"loc":{"start":{"line":136,"column":2},"end":{"line":136,"column":88}},"type":"if","locations":[{"start":{"line":136,"column":2},"end":{"line":136,"column":88}},{"start":{},"end":{}}],"line":136},"69":{"loc":{"start":{"line":137,"column":2},"end":{"line":137,"column":76}},"type":"if","locations":[{"start":{"line":137,"column":2},"end":{"line":137,"column":76}},{"start":{},"end":{}}],"line":137},"70":{"loc":{"start":{"line":143,"column":2},"end":{"line":143,"column":41}},"type":"if","locations":[{"start":{"line":143,"column":2},"end":{"line":143,"column":41}},{"start":{},"end":{}}],"line":143},"71":{"loc":{"start":{"line":146,"column":17},"end":{"line":146,"column":62}},"type":"cond-expr","locations":[{"start":{"line":146,"column":36},"end":{"line":146,"column":53}},{"start":{"line":146,"column":56},"end":{"line":146,"column":62}}],"line":146},"72":{"loc":{"start":{"line":149,"column":6},"end":{"line":150,"column":68}},"type":"binary-expr","locations":[{"start":{"line":149,"column":6},"end":{"line":149,"column":47}},{"start":{"line":150,"column":6},"end":{"line":150,"column":68}}],"line":149},"73":{"loc":{"start":{"line":149,"column":13},"end":{"line":149,"column":39}},"type":"binary-expr","locations":[{"start":{"line":149,"column":13},"end":{"line":149,"column":33}},{"start":{"line":149,"column":37},"end":{"line":149,"column":39}}],"line":149},"74":{"loc":{"start":{"line":153,"column":18},"end":{"line":153,"column":50}},"type":"binary-expr","locations":[{"start":{"line":153,"column":18},"end":{"line":153,"column":30}},{"start":{"line":153,"column":34},"end":{"line":153,"column":50}}],"line":153},"75":{"loc":{"start":{"line":160,"column":2},"end":{"line":160,"column":31}},"type":"if","locations":[{"start":{"line":160,"column":2},"end":{"line":160,"column":31}},{"start":{},"end":{}}],"line":160},"76":{"loc":{"start":{"line":161,"column":15},"end":{"line":161,"column":63}},"type":"cond-expr","locations":[{"start":{"line":161,"column":35},"end":{"line":161,"column":53}},{"start":{"line":161,"column":56},"end":{"line":161,"column":63}}],"line":161},"77":{"loc":{"start":{"line":169,"column":22},"end":{"line":169,"column":40}},"type":"binary-expr","locations":[{"start":{"line":169,"column":22},"end":{"line":169,"column":34}},{"start":{"line":169,"column":38},"end":{"line":169,"column":40}}],"line":169},"78":{"loc":{"start":{"line":170,"column":2},"end":{"line":174,"column":3}},"type":"if","locations":[{"start":{"line":170,"column":2},"end":{"line":174,"column":3}},{"start":{},"end":{}}],"line":170},"79":{"loc":{"start":{"line":176,"column":24},"end":{"line":176,"column":44}},"type":"binary-expr","locations":[{"start":{"line":176,"column":24},"end":{"line":176,"column":38}},{"start":{"line":176,"column":42},"end":{"line":176,"column":44}}],"line":176},"80":{"loc":{"start":{"line":177,"column":2},"end":{"line":181,"column":3}},"type":"if","locations":[{"start":{"line":177,"column":2},"end":{"line":181,"column":3}},{"start":{},"end":{}}],"line":177},"81":{"loc":{"start":{"line":184,"column":2},"end":{"line":188,"column":3}},"type":"if","locations":[{"start":{"line":184,"column":2},"end":{"line":188,"column":3}},{"start":{},"end":{}}],"line":184},"82":{"loc":{"start":{"line":190,"column":34},"end":{"line":190,"column":53}},"type":"binary-expr","locations":[{"start":{"line":190,"column":34},"end":{"line":190,"column":47}},{"start":{"line":190,"column":51},"end":{"line":190,"column":53}}],"line":190},"83":{"loc":{"start":{"line":192,"column":2},"end":{"line":201,"column":3}},"type":"if","locations":[{"start":{"line":192,"column":2},"end":{"line":201,"column":3}},{"start":{"line":194,"column":9},"end":{"line":201,"column":3}}],"line":192},"84":{"loc":{"start":{"line":194,"column":9},"end":{"line":201,"column":3}},"type":"if","locations":[{"start":{"line":194,"column":9},"end":{"line":201,"column":3}},{"start":{"line":199,"column":9},"end":{"line":201,"column":3}}],"line":194},"85":{"loc":{"start":{"line":194,"column":13},"end":{"line":194,"column":67}},"type":"binary-expr","locations":[{"start":{"line":194,"column":13},"end":{"line":194,"column":41}},{"start":{"line":194,"column":45},"end":{"line":194,"column":67}}],"line":194},"86":{"loc":{"start":{"line":203,"column":30},"end":{"line":203,"column":50}},"type":"binary-expr","locations":[{"start":{"line":203,"column":30},"end":{"line":203,"column":44}},{"start":{"line":203,"column":48},"end":{"line":203,"column":50}}],"line":203},"87":{"loc":{"start":{"line":205,"column":2},"end":{"line":207,"column":3}},"type":"if","locations":[{"start":{"line":205,"column":2},"end":{"line":207,"column":3}},{"start":{},"end":{}}],"line":205},"88":{"loc":{"start":{"line":216,"column":24},"end":{"line":216,"column":49}},"type":"binary-expr","locations":[{"start":{"line":216,"column":24},"end":{"line":216,"column":43}},{"start":{"line":216,"column":47},"end":{"line":216,"column":49}}],"line":216},"89":{"loc":{"start":{"line":225,"column":2},"end":{"line":229,"column":3}},"type":"if","locations":[{"start":{"line":225,"column":2},"end":{"line":229,"column":3}},{"start":{},"end":{}}],"line":225},"90":{"loc":{"start":{"line":225,"column":6},"end":{"line":225,"column":65}},"type":"binary-expr","locations":[{"start":{"line":225,"column":6},"end":{"line":225,"column":13}},{"start":{"line":225,"column":17},"end":{"line":225,"column":28}},{"start":{"line":225,"column":32},"end":{"line":225,"column":65}}],"line":225},"91":{"loc":{"start":{"line":234,"column":2},"end":{"line":238,"column":3}},"type":"if","locations":[{"start":{"line":234,"column":2},"end":{"line":238,"column":3}},{"start":{},"end":{}}],"line":234},"92":{"loc":{"start":{"line":243,"column":2},"end":{"line":247,"column":3}},"type":"if","locations":[{"start":{"line":243,"column":2},"end":{"line":247,"column":3}},{"start":{},"end":{}}],"line":243},"93":{"loc":{"start":{"line":248,"column":2},"end":{"line":252,"column":3}},"type":"if","locations":[{"start":{"line":248,"column":2},"end":{"line":252,"column":3}},{"start":{},"end":{}}],"line":248},"94":{"loc":{"start":{"line":254,"column":23},"end":{"line":254,"column":55}},"type":"binary-expr","locations":[{"start":{"line":254,"column":23},"end":{"line":254,"column":49}},{"start":{"line":254,"column":53},"end":{"line":254,"column":55}}],"line":254},"95":{"loc":{"start":{"line":258,"column":27},"end":{"line":258,"column":45}},"type":"binary-expr","locations":[{"start":{"line":258,"column":27},"end":{"line":258,"column":39}},{"start":{"line":258,"column":43},"end":{"line":258,"column":45}}],"line":258},"96":{"loc":{"start":{"line":259,"column":11},"end":{"line":259,"column":81}},"type":"binary-expr","locations":[{"start":{"line":259,"column":11},"end":{"line":259,"column":39}},{"start":{"line":259,"column":43},"end":{"line":259,"column":81}}],"line":259},"97":{"loc":{"start":{"line":262,"column":2},"end":{"line":272,"column":3}},"type":"if","locations":[{"start":{"line":262,"column":2},"end":{"line":272,"column":3}},{"start":{"line":266,"column":9},"end":{"line":272,"column":3}}],"line":262},"98":{"loc":{"start":{"line":278,"column":32},"end":{"line":278,"column":40}},"type":"default-arg","locations":[{"start":{"line":278,"column":39},"end":{"line":278,"column":40}}],"line":278},"99":{"loc":{"start":{"line":278,"column":42},"end":{"line":278,"column":51}},"type":"default-arg","locations":[{"start":{"line":278,"column":49},"end":{"line":278,"column":51}}],"line":278},"100":{"loc":{"start":{"line":279,"column":24},"end":{"line":279,"column":41}},"type":"binary-expr","locations":[{"start":{"line":279,"column":24},"end":{"line":279,"column":36}},{"start":{"line":279,"column":40},"end":{"line":279,"column":41}}],"line":279},"101":{"loc":{"start":{"line":280,"column":38},"end":{"line":280,"column":56}},"type":"binary-expr","locations":[{"start":{"line":280,"column":38},"end":{"line":280,"column":50}},{"start":{"line":280,"column":54},"end":{"line":280,"column":56}}],"line":280},"102":{"loc":{"start":{"line":284,"column":2},"end":{"line":287,"column":3}},"type":"if","locations":[{"start":{"line":284,"column":2},"end":{"line":287,"column":3}},{"start":{},"end":{}}],"line":284},"103":{"loc":{"start":{"line":290,"column":2},"end":{"line":290,"column":50}},"type":"if","locations":[{"start":{"line":290,"column":2},"end":{"line":290,"column":50}},{"start":{},"end":{}}],"line":290},"104":{"loc":{"start":{"line":291,"column":2},"end":{"line":291,"column":50}},"type":"if","locations":[{"start":{"line":291,"column":2},"end":{"line":291,"column":50}},{"start":{},"end":{}}],"line":291},"105":{"loc":{"start":{"line":293,"column":2},"end":{"line":293,"column":50}},"type":"if","locations":[{"start":{"line":293,"column":2},"end":{"line":293,"column":50}},{"start":{},"end":{}}],"line":293},"106":{"loc":{"start":{"line":294,"column":2},"end":{"line":294,"column":57}},"type":"if","locations":[{"start":{"line":294,"column":2},"end":{"line":294,"column":57}},{"start":{},"end":{}}],"line":294},"107":{"loc":{"start":{"line":305,"column":2},"end":{"line":315,"column":3}},"type":"if","locations":[{"start":{"line":305,"column":2},"end":{"
[...]
,"locations":[{"start":{"line":252,"column":2},"end":{"line":252,"column":52}},{"start":{},"end":{}}],"line":252},"26":{"loc":{"start":{"line":257,"column":4},"end":{"line":257,"column":42}},"type":"if","locations":[{"start":{"line":257,"column":4},"end":{"line":257,"column":42}},{"start":{},"end":{}}],"line":257},"27":{"loc":{"start":{"line":258,"column":4},"end":{"line":258,"column":42}},"type":"if","locations":[{"start":{"line":258,"column":4},"end":{"line":258,"column":42}},{"start":{},"end":{}}],"line":258},"28":{"loc":{"start":{"line":259,"column":4},"end":{"line":259,"column":46}},"type":"if","locations":[{"start":{"line":259,"column":4},"end":{"line":259,"column":46}},{"start":{},"end":{}}],"line":259},"29":{"loc":{"start":{"line":260,"column":4},"end":{"line":260,"column":43}},"type":"if","locations":[{"start":{"line":260,"column":4},"end":{"line":260,"column":43}},{"start":{},"end":{}}],"line":260},"30":{"loc":{"start":{"line":261,"column":4},"end":{"line":261,"column":43}},"type":"if","locations":[{"start":{"line":261,"column":4},"end":{"line":261,"column":43}},{"start":{},"end":{}}],"line":261},"31":{"loc":{"start":{"line":271,"column":2},"end":{"line":271,"column":24}},"type":"if","locations":[{"start":{"line":271,"column":2},"end":{"line":271,"column":24}},{"start":{},"end":{}}],"line":271},"32":{"loc":{"start":{"line":274,"column":2},"end":{"line":276,"column":3}},"type":"if","locations":[{"start":{"line":274,"column":2},"end":{"line":276,"column":3}},{"start":{},"end":{}}],"line":274},"33":{"loc":{"start":{"line":279,"column":2},"end":{"line":281,"column":3}},"type":"if","locations":[{"start":{"line":279,"column":2},"end":{"line":281,"column":3}},{"start":{},"end":{}}],"line":279},"34":{"loc":{"start":{"line":283,"column":2},"end":{"line":285,"column":3}},"type":"if","locations":[{"start":{"line":283,"column":2},"end":{"line":285,"column":3}},{"start":{},"end":{}}],"line":283},"35":{"loc":{"start":{"line":283,"column":6},"end":{"line":283,"column":65}},"type":"binary-expr","locations":[{"start":{"line":283,"column":6},"end":{"line":283,"column":33}},{"start":{"line":283,"column":37},"end":{"line":283,"column":65}}],"line":283},"36":{"loc":{"start":{"line":287,"column":2},"end":{"line":289,"column":3}},"type":"if","locations":[{"start":{"line":287,"column":2},"end":{"line":289,"column":3}},{"start":{},"end":{}}],"line":287},"37":{"loc":{"start":{"line":292,"column":2},"end":{"line":292,"column":37}},"type":"if","locations":[{"start":{"line":292,"column":2},"end":{"line":292,"column":37}},{"start":{},"end":{}}],"line":292},"38":{"loc":{"start":{"line":306,"column":18},"end":{"line":306,"column":81}},"type":"cond-expr","locations":[{"start":{"line":306,"column":57},"end":{"line":306,"column":76}},{"start":{"line":306,"column":79},"end":{"line":306,"column":81}}],"line":306},"39":{"loc":{"start":{"line":308,"column":24},"end":{"line":308,"column":81}},"type":"cond-expr","locations":[{"start":{"line":308,"column":57},"end":{"line":308,"column":74}},{"start":{"line":308,"column":77},"end":{"line":308,"column":81}}],"line":308},"40":{"loc":{"start":{"line":310,"column":6},"end":{"line":310,"column":26}},"type":"if","locations":[{"start":{"line":310,"column":6},"end":{"line":310,"column":26}},{"start":{},"end":{}}],"line":310},"41":{"loc":{"start":{"line":323,"column":2},"end":{"line":323,"column":23}},"type":"if","locations":[{"start":{"line":323,"column":2},"end":{"line":323,"column":23}},{"start":{},"end":{}}],"line":323},"42":{"loc":{"start":{"line":326,"column":2},"end":{"line":328,"column":3}},"type":"if","locations":[{"start":{"line":326,"column":2},"end":{"line":328,"column":3}},{"start":{},"end":{}}],"line":326},"43":{"loc":{"start":{"line":337,"column":11},"end":{"line":337,"column":64}},"type":"cond-expr","locations":[{"start":{"line":337,"column":27},"end":{"line":337,"column":59}},{"start":{"line":337,"column":62},"end":{"line":337,"column":64}}],"line":337},"44":{"loc":{"start":{"line":343,"column":4},"end":{"line":348,"column":5}},"type":"if","locations":[{"start":{"line":343,"column":4},"end":{"line":348,"column":5}},{"start":{},"end":{}}],"line":343},"45":{"loc":{"start":{"line":345,"column":6},"end":{"line":347,"column":7}},"type":"if","locations":[{"start":{"line":345,"column":6},"end":{"line":347,"column":7}},{"start":{},"end":{}}],"line":345},"46":{"loc":{"start":{"line":345,"column":10},"end":{"line":345,"column":66}},"type":"binary-expr","locations":[{"start":{"line":345,"column":10},"end":{"line":345,"column":20}},{"start":{"line":345,"column":24},"end":{"line":345,"column":66}}],"line":345}},"s":{"0":3,"1":3,"2":3,"3":3,"4":35,"5":3,"6":4,"7":4,"8":5,"9":0,"10":5,"11":5,"12":1,"13":4,"14":1,"15":1,"16":0,"17":1,"18":1,"19":0,"20":1,"21":1,"22":1,"23":0,"24":0,"25":0,"26":0,"27":0,"28":0,"29":1,"30":1,"31":2,"32":2,"33":0,"34":2,"35":2,"36":2,"37":12,"38":2,"39":2,"40":2,"41":2,"42":2,"43":2,"44":2,"45":2,"46":2,"47":1,"48":1,"49":1,"50":1,"51":0,"52":0,"53":0,"54":0,"55":0,"56":0,"57":0,"58":1,"59":10,"60":10,"61":10,"62":10,"63":10,"64":2,"65":1,"66":1,"67":1,"68":1,"69":0,"70":0,"71":0,"72":0,"73":0,"74":0,"75":0,"76":0,"77":1,"78":1,"79":0,"80":1,"81":1,"82":0,"83":1,"84":1,"85":0,"86":1,"87":1,"88":0,"89":1,"90":2,"91":1,"92":1,"93":1,"94":1,"95":9,"96":9,"97":0,"98":9,"99":9,"100":6,"101":3,"102":3,"103":1,"104":1,"105":2,"106":1,"107":1,"108":2,"109":1,"110":1,"111":2,"112":1,"113":1,"114":3,"115":1,"116":2,"117":1,"118":1,"119":0,"120":1,"121":3,"122":3,"123":3,"124":3,"125":3,"126":0,"127":3,"128":0,"129":3,"130":0,"131":3,"132":3,"133":3,"134":1,"135":2,"136":1,"137":1,"138":1,"139":0,"140":1,"141":1,"142":0,"143":1,"144":1,"145":0,"146":1,"147":0,"148":1,"149":0,"150":1,"151":1,"152":0,"153":1,"154":1,"155":1,"156":1,"157":1,"158":1,"159":1,"160":1,"161":1,"162":0,"163":2,"164":2,"165":0,"166":2,"167":2,"168":0,"169":2,"170":2,"171":2,"172":2,"173":2,"174":2,"175":2,"176":2,"177":1,"178":1,"179":0,"180":2,"181":2,"182":0,"183":0,"184":3},"f":{"0":35,"1":3,"2":4,"3":5,"4":1,"5":0,"6":2,"7":2,"8":12,"9":2,"10":2,"11":10,"12":2,"13":0,"14":2,"15":9,"16":2,"17":3,"18":2,"19":1,"20":2,"21":2},"b":{"0":[35,1],"1":[0,5],"2":[1,4],"3":[0,1],"4":[0,1],"5":[0,0],"6":[0,2],"7":[1,1],"8":[1,1],"9":[1,1],"10":[2,1],"11":[1,0],"12":[0,0],"13":[0,0],"14":[0,0],"15":[1,1],"16":[0,0],"17":[0,0],"18":[0,0],"19":[1,1],"20":[0,9],"21":[9,9],"22":[6,3],"23":[1,1],"24":[2,2],"25":[0,1],"26":[3,0],"27":[0,3],"28":[0,3],"29":[0,3],"30":[3,0],"31":[0,1],"32":[0,1],"33":[0,1],"34":[0,1],"35":[1,1],"36":[0,1],"37":[0,1],"38":[1,0],"39":[1,0],"40":[1,0],"41":[0,2],"42":[0,2],"43":[1,1],"44":[1,1],"45":[0,1],"46":[1,0]},"_coverageSchema":"1a1c01bbd47fc00a2c39e90264f33305004495a9","hash":"d9fbe372c2879b6dde945ac7487335e2f4c07a3a"}
,"/Users/ioniletellier/Documents/BUT3/Devoir S6/NodeJS/pokedex-api/src/utils/regionImages.js": {"path":"/Users/ioniletellier/Documents/BUT3/Devoir S6/NodeJS/pokedex-api/src/utils/regionImages.js","statementMap":{"0":{"start":{"line":2,"column":2},"end":{"line":6,"column":19}},"1":{"start":{"line":10,"column":14},"end":{"line":10,"column":41}},"2":{"start":{"line":11,"column":2},"end":{"line":11,"column":39}},"3":{"start":{"line":11,"column":29},"end":{"line":11,"column":39}},"4":{"start":{"line":13,"column":2},"end":{"line":13,"column":45}},"5":{"start":{"line":13,"column":30},"end":{"line":13,"column":45}},"6":{"start":{"line":14,"column":2},"end":{"line":14,"column":47}},"7":{"start":{"line":14,"column":32},"end":{"line":14,"column":47}},"8":{"start":{"line":15,"column":2},"end":{"line":15,"column":47}},"9":{"start":{"line":15,"column":32},"end":{"line":15,"column":47}},"10":{"start":{"line":16,"column":2},"end":{"line":16,"column":48}},"11":{"start":{"line":16,"column":32},"end":{"line":16,"column":48}},"12":{"start":{"line":17,"column":2},"end":{"line":17,"column":46}},"13":{"start":{"line":17,"column":32},"end":{"line":17,"column":46}},"14":{"start":{"line":18,"column":2},"end":{"line":18,"column":47}},"15":{"start":{"line":18,"column":32},"end":{"line":18,"column":47}},"16":{"start":{"line":19,"column":2},"end":{"line":19,"column":47}},"17":{"start":{"line":19,"column":32},"end":{"line":19,"column":47}},"18":{"start":{"line":20,"column":2},"end":{"line":20,"column":47}},"19":{"start":{"line":20,"column":32},"end":{"line":20,"column":47}},"20":{"start":{"line":21,"column":2},"end":{"line":21,"column":47}},"21":{"start":{"line":21,"column":32},"end":{"line":21,"column":47}},"22":{"start":{"line":22,"column":2},"end":{"line":22,"column":34}},"23":{"start":{"line":22,"column":18},"end":{"line":22,"column":34}},"24":{"start":{"line":24,"column":2},"end":{"line":24,"column":12}},"25":{"start":{"line":27,"column":26},"end":{"line":42,"column":1}},"26":{"start":{"line":44,"column":28},"end":{"line":47,"column":1}},"27":{"start":{"line":49,"column":22},"end":{"line":64,"column":1}},"28":{"start":{"line":67,"column":21},"end":{"line":67,"column":52}},"29":{"start":{"line":68,"column":19},"end":{"line":68,"column":69}},"30":{"start":{"line":70,"column":2},"end":{"line":72,"column":3}},"31":{"start":{"line":71,"column":4},"end":{"line":71,"column":26}},"32":{"start":{"line":74,"column":21},"end":{"line":77,"column":20}},"33":{"start":{"line":76,"column":20},"end":{"line":76,"column":32}},"34":{"start":{"line":79,"column":2},"end":{"line":88,"column":3}},"35":{"start":{"line":80,"column":4},"end":{"line":82,"column":5}},"36":{"start":{"line":81,"column":6},"end":{"line":81,"column":22}},"37":{"start":{"line":84,"column":16},"end":{"line":84,"column":59}},"38":{"start":{"line":85,"column":4},"end":{"line":87,"column":5}},"39":{"start":{"line":86,"column":6},"end":{"line":86,"column":17}},"40":{"start":{"line":90,"column":2},"end":{"line":90,"column":24}},"41":{"start":{"line":94,"column":14},"end":{"line":94,"column":63}},"42":{"start":{"line":95,"column":2},"end":{"line":95,"column":59}},"43":{"start":{"line":95,"column":33},"end":{"line":95,"column":59}},"44":{"start":{"line":96,"column":2},"end":{"line":96,"column":41}},"45":{"start":{"line":100,"column":14},"end":{"line":100,"column":63}},"46":{"start":{"line":101,"column":2},"end":{"line":103,"column":3}},"47":{"start":{"line":102,"column":4},"end":{"line":102,"column":34}},"48":{"start":{"line":104,"column":2},"end":{"line":104,"column":12}},"49":{"start":{"line":107,"column":0},"end":{"line":112,"column":2}}},"fnMap":{"0":{"name":"normalizeRegionName","decl":{"start":{"line":1,"column":9},"end":{"line":1,"column":28}},"loc":{"start":{"line":1,"column":41},"end":{"line":7,"column":1}},"line":1},"1":{"name":"inferRegionKeyFromNationalDex","decl":{"start":{"line":9,"column":9},"end":{"line":9,"column":38}},"loc":{"start":{"line":9,"column":60},"end":{"line":25,"column":1}},"line":9},"2":{"name":"resolveRegionKey","decl":{"start":{"line":66,"column":9},"end":{"line":66,"column":25}},"loc":{"start":{"line":66,"column":59},"end":{"line":91,"column":1}},"line":66},"3":{"name":"(anonymous_3)","decl":{"start":{"line":76,"column":9},"end":{"line":76,"column":10}},"loc":{"start":{"line":76,"column":20},"end":{"line":76,"column":32}},"line":76},"4":{"name":"resolveRegionName","decl":{"start":{"line":93,"column":9},"end":{"line":93,"column":26}},"loc":{"start":{"line":93,"column":60},"end":{"line":97,"column":1}},"line":93},"5":{"name":"resolveRegionImageUrl","decl":{"start":{"line":99,"column":9},"end":{"line":99,"column":30}},"loc":{"start":{"line":99,"column":64},"end":{"line":105,"column":1}},"line":99}},"branchMap":{"0":{"loc":{"start":{"line":2,"column":16},"end":{"line":2,"column":32}},"type":"binary-expr","locations":[{"start":{"line":2,"column":16},"end":{"line":2,"column":26}},{"start":{"line":2,"column":30},"end":{"line":2,"column":32}}],"line":2},"1":{"loc":{"start":{"line":11,"column":2},"end":{"line":11,"column":39}},"type":"if","locations":[{"start":{"line":11,"column":2},"end":{"line":11,"column":39}},{"start":{},"end":{}}],"line":11},"2":{"loc":{"start":{"line":13,"column":2},"end":{"line":13,"column":45}},"type":"if","locations":[{"start":{"line":13,"column":2},"end":{"line":13,"column":45}},{"start":{},"end":{}}],"line":13},"3":{"loc":{"start":{"line":13,"column":6},"end":{"line":13,"column":28}},"type":"binary-expr","locations":[{"start":{"line":13,"column":6},"end":{"line":13,"column":14}},{"start":{"line":13,"column":18},"end":{"line":13,"column":28}}],"line":13},"4":{"loc":{"start":{"line":14,"column":2},"end":{"line":14,"column":47}},"type":"if","locations":[{"start":{"line":14,"column":2},"end":{"line":14,"column":47}},{"start":{},"end":{}}],"line":14},"5":{"loc":{"start":{"line":14,"column":6},"end":{"line":14,"column":30}},"type":"binary-expr","locations":[{"start":{"line":14,"column":6},"end":{"line":14,"column":16}},{"start":{"line":14,"column":20},"end":{"line":14,"column":30}}],"line":14},"6":{"loc":{"start":{"line":15,"column":2},"end":{"line":15,"column":47}},"type":"if","locations":[{"start":{"line":15,"column":2},"end":{"line":15,"column":47}},{"start":{},"end":{}}],"line":15},"7":{"loc":{"start":{"line":15,"column":6},"end":{"line":15,"column":30}},"type":"binary-expr","locations":[{"start":{"line":15,"column":6},"end":{"line":15,"column":16}},{"start":{"line":15,"column":20},"end":{"line":15,"column":30}}],"line":15},"8":{"loc":{"start":{"line":16,"column":2},"end":{"line":16,"column":48}},"type":"if","locations":[{"start":{"line":16,"column":2},"end":{"line":16,"column":48}},{"start":{},"end":{}}],"line":16},"9":{"loc":{"start":{"line":16,"column":6},"end":{"line":16,"column":30}},"type":"binary-expr","locations":[{"start":{"line":16,"column":6},"end":{"line":16,"column":16}},{"start":{"line":16,"column":20},"end":{"line":16,"column":30}}],"line":16},"10":{"loc":{"start":{"line":17,"column":2},"end":{"line":17,"column":46}},"type":"if","locations":[{"start":{"line":17,"column":2},"end":{"line":17,"column":46}},{"start":{},"end":{}}],"line":17},"11":{"loc":{"start":{"line":17,"column":6},"end":{"line":17,"column":30}},"type":"binary-expr","locations":[{"start":{"line":17,"column":6},"end":{"line":17,"column":16}},{"start":{"line":17,"column":20},"end":{"line":17,"column":30}}],"line":17},"12":{"loc":{"start":{"line":18,"column":2},"end":{"line":18,"column":47}},"type":"if","locations":[{"start":{"line":18,"column":2},"end":{"line":18,"column":47}},{"start":{},"end":{}}],"line":18},"13":{"loc":{"start":{"line":18,"column":6},"end":{"line":18,"column":30}},"type":"binary-expr","locations":[{"start":{"line":18,"column":6},"end":{"line":18,"column":16}},{"start":{"line":18,"column":20},"end":{"line":18,"column":30}}],"line":18},"14":{"loc":{"start":{"line":19,"column":2},"end":{"line":19,"column":47}},"type":"if","locations":[{"start":{"line":19,"column":2},"end":{"line":19,"column":47}},{"start":{},"end":{}}],"line":19},"15":{"loc":{"start":{"line":19,"column":6},"end":{"line":19,"column":30}},"type":"binary-expr","locations":[{"start":{"line":19,"column":6},"end":{"line":19,"column":16}},{"start":{"line":19,"column":20},"end":{"line":19,"column":30}}],"line":19},"16":{"loc":{"start":{"line":20,"column":2},"end":{"line":20,"column":47}},"type":"if","locations":[{"start":{"line":20,"column":2},"end":{"line":20,"column":47}},{"start":{},"end":{}}],"line":20},"17":{"loc":{"start":{"line":20,"column":6},"end":{"line":20,"column":30}},"type":"binary-expr","locations":[{"start":{"line":20,"column":6},"end":{"line":20,"column":16}},{"start":{"line":20,"column":20},"end":{"line":20,"column":30}}],"line":20},"18":{"loc":{"start":{"line":21,"column":2},"end":{"line":21,"column":47}},"type":"if","locations":[{"start":{"line":21,"column":2},"end":{"line":21,"column":47}},{"start":{},"end":{}}],"line":21},"19":{"loc":{"start":{"line":21,"column":6},"end":{"line":21,"column":30}},"type":"binary-expr","locations":[{"start":{"line":21,"column":6},"end":{"line":21,"column":16}},{"start":{"line":21,"column":20},"end":{"line":21,"column":30}}],"line":21},"20":{"loc":{"start":{"line":22,"column":2},"end":{"line":22,"column":34}},"type":"if","locations":[{"start":{"line":22,"column":2},"end":{"line":22,"column":34}},{"start":{},"end":{}}],"line":22},"21":{"loc":{"start":{"line":70,"column":2},"end":{"line":72,"column":3}},"type":"if","locations":[{"start":{"line":70,"column":2},"end":{"line":72,"column":3}},{"start":{},"end":{}}],"line":70},"22":{"loc":{"start":{"line":70,"column":6},"end":{"line":70,"column":46}},"type":"binary-expr","locations":[{"start":{"line":70,"column":6},"end":{"line":70,"column":17}},{"start":{"line":70,"column":21},"end":{"line":70,"column":46}}],"line":70},"23":{"loc":{"start":{"line":71,"column":11},"end":{"line":71,"column":25}},"type":"binary-expr","locations":[{"start":{"line":71,"column":11},"end":{"line":71,"column":19}},{"start":{"line":71,"column":23},"end":{"line":71,"column":25}}],"line":71},"24":{"loc":{"start":{"line":80,"column":4},"end":{"line":82,"column":5}},"type":"if","locations":[{"start":{"line":80,"column":4},"end":{"line":82,"column":5}},{"start":{},"end":{}}],"line":80},"25":{"loc":{"start":{"line":80,"column":8},"end":{"line":80,"column":44}},"type":"binary-expr","locations":[{"start":{"line":80,"column":8},"end":{"line":80,"column":32}},{"start":{"line":80,"column":36},"end":{"line":80,"column":44}}],"line":80},"26":{"loc":{"start":{"line":84,"column":16},"end":{"line":84,"column":59}},"type":"binary-expr","locations":[{"start":{"line":84,"column":16},"end":{"line":84,"column":46}},{"start":{"line":84,"column":50},"end":{"line":84,"column":59}}],"line":84},"27":{"loc":{"start":{"line":85,"column":4},"end":{"line":87,"column":5}},"type":"if","locations":[{"start":{"line":85,"column":4},"end":{"line":87,"column":5}},{"start":{},"end":{}}],"line":85},"28":{"loc":{"start":{"line":90,"column":9},"end":{"line":90,"column":23}},"type":"binary-expr","locations":[{"start":{"line":90,"column":9},"end":{"line":90,"column":17}},{"start":{"line":90,"column":21},"end":{"line":90,"column":23}}],"line":90},"29":{"loc":{"start":{"line":95,"column":2},"end":{"line":95,"column":59}},"type":"if","locations":[{"start":{"line":95,"column":2},"end":{"line":95,"column":59}},{"start":{},"end":{}}],"line":95},"30":{"loc":{"start":{"line":95,"column":6},"end":{"line":95,"column":31}},"type":"binary-expr","locations":[{"start":{"line":95,"column":6},"end":{"line":95,"column":9}},{"start":{"line":95,"column":13},"end":{"line":95,"column":31}}],"line":95},"31":{"loc":{"start":{"line":96,"column":16},"end":{"line":96,"column":32}},"type":"binary-expr","locations":[{"start":{"line":96,"column":16},"end":{"line":96,"column":26}},{"start":{"line":96,"column":30},"end":{"line":96,"column":32}}],"line":96},"32":{"loc":{"start":{"line":101,"column":2},"end":{"line":103,"column":3}},"type":"if","locations":[{"start":{"line":101,"column":2},"end":{"line":103,"column":3}},{"start":{},"end":{}}],"line":101},"33":{"loc":{"start":{"line":101,"column":6},"end":{"line":101,"column":35}},"type":"binary-expr","locations":[{"start":{"line":101,"column":6},"end":{"line":101,"column":9}},{"start":{"line":101,"column":13},"end":{"line":101,"column":35}}],"line":101}},"s":{"0":4,"1":4,"2":4,"3":0,"4":4,"5":4,"6":0,"7":0,"8":0,"9":0,"10":0,"11":0,"12":0,"13":0,"14":0,"15":0,"16":0,"17":0,"18":0,"19":0,"20":0,"21":0,"22":0,"23":0,"24":0,"25":3,"26":3,"27":3,"28":4,"29":4,"30":4,"31":0,"32":4,"33":4,"34":4,"35":4,"36":0,"37":4,"38":4,"39":4,"40":0,"41":3,"42":3,"43":3,"44":0,"45":1,"46":1,"47":1,"48":0,"49":3},"f":{"0":4,"1":4,"2":4,"3":4,"4":3,"5":1},"b":{"0":[4,0],"1":[0,4],"2":[4,0],"3":[4,4],"4":[0,0],"5":[0,0],"6":[0,0],"7":[0,0],"8":[0,0],"9":[0,0],"10":[0,0],"11":[0,0],"12":[0,0],"13":[0,0],"14":[0,0],"15":[0,0],"16":[0,0],"17":[0,0],"18":[0,0],"19":[0,0],"20":[0,0],"21":[0,4],"22":[4,4],"23":[0,0],"24":[0,4],"25":[4,0],"26":[4,4],"27":[4,0],"28":[0,0],"29":[3,0],"30":[3,3],"31":[0,0],"32":[1,0],"33":[1,1]},"_coverageSchema":"1a1c01bbd47fc00a2c39e90264f33305004495a9","hash":"28dfe68be83ac0b3a69053784748b151bdcf06f0"}
}
