TN:
SF:src/app.js
FNF:0
FNH:0
DA:1,3
DA:2,3
DA:3,3
DA:5,3
DA:6,3
DA:7,3
DA:8,3
DA:11,3
DA:14,3
DA:15,3
DA:18,3
DA:21,3
DA:24,3
DA:25,3
DA:27,3
LF:15
LH:15
BRF:0
BRH:0
end_of_record
TN:
SF:src/swagger.js
FNF:0
FNH:0
DA:1,3
DA:3,3
DA:17,3
DA:20,3
DA:51,3
LF:5
LH:5
BRF:0
BRH:0
end_of_record
TN:
SF:src/controllers/pkmnTypeController.js
FN:3,getTypes
FNF:1
FNH:1
FNDA:1,getTypes
DA:1,3
DA:4,1
DA:5,1
DA:11,3
LF:4
LH:4
BRF:0
BRH:0
end_of_record
TN:
SF:src/controllers/pokemonController.js
FN:3,create
FN:12,addRegion
FN:21,search
FN:32,getOne
FN:41,remove
FN:50,update
FN:61,removeRegion
FN:73,syncCry
FNF:8
FNH:8
FNDA:3,create
FNDA:2,addRegion
FNDA:3,search
FNDA:6,getOne
FNDA:3,remove
FNDA:2,update
FNDA:2,removeRegion
FNDA:2,syncCry
DA:1,3
DA:4,3
DA:5,3
DA:6,2
DA:8,1
DA:13,2
DA:14,2
DA:15,1
DA:17,1
DA:22,3
DA:23,3
DA:24,3
DA:28,0
DA:33,6
DA:34,6
DA:35,2
DA:37,4
DA:42,3
DA:43,3
DA:44,1
DA:46,2
DA:51,2
DA:53,2
DA:54,2
DA:55,1
DA:57,1
DA:62,2
DA:63,2
DA:67,1
DA:69,1
DA:74,2
DA:75,2
DA:80,1
DA:82,1
DA:86,3
LF:35
LH:34
BRDA:76,0,0,2
BRDA:76,0,1,1
BRDA:77,1,0,2
BRDA:77,1,1,2
BRDA:78,2,0,2
BRDA:78,2,1,2
BRF:6
BRH:6
end_of_record
TN:
SF:src/controllers/trainerController.js
FN:3,createMe
FN:12,getMe
FN:21,deleteMe
FN:30,mark
FNF:4
FNH:4
FNDA:1,createMe
FNDA:2,getMe
FNDA:1,deleteMe
FNDA:2,mark
DA:1,3
DA:4,1
DA:5,1
DA:6,1
DA:8,0
DA:13,2
DA:14,2
DA:15,1
DA:17,1
DA:22,1
DA:23,1
DA:24,1
DA:26,0
DA:31,2
DA:33,2
DA:38,2
DA:40,0
DA:44,3
LF:18
LH:15
BRF:0
BRH:0
end_of_record
TN:
SF:src/controllers/userController.js
FN:3,registerUser
FN:12,loginUser
FN:21,checkUser
FN:26,getUserFavorites
FN:35,updateUserFavorites
FNF:5
FNH:5
FNDA:5,registerUser
FNDA:3,loginUser
FNDA:1,checkUser
FNDA:1,getUserFavorites
FNDA:1,updateUserFavorites
DA:1,3
DA:4,5
DA:5,5
DA:6,3
DA:8,2
DA:13,3
DA:14,3
DA:15,1
DA:17,2
DA:23,1
DA:27,1
DA:28,1
DA:29,1
DA:31,0
DA:36,1
DA:37,1
DA:41,1
DA:43,0
DA:47,3
LF:19
LH:17
BRF:0
BRH:0
end_of_record
TN:
SF:src/middlewares/auth.js
FN:3,(anonymous_0)
FNF:1
FNH:1
FNDA:36,(anonymous_0)
DA:1,3
DA:3,3
DA:4,36
DA:5,36
DA:6,36
DA:8,36
DA:9,2
DA:12,34
DA:13,33
DA:14,33
DA:16,1
LF:11
LH:11
BRDA:5,0,0,36
BRDA:5,0,1,1
BRDA:8,1,0,2
BRDA:8,1,1,34
BRDA:8,2,0,36
BRDA:8,2,1,34
BRF:6
BRH:6
end_of_record
TN:
SF:src/middlewares/errorHandler.js
FN:1,(anonymous_0)
FNF:1
FNH:1
FNDA:16,(anonymous_0)
DA:1,3
DA:2,16
DA:4,16
DA:5,16
LF:4
LH:4
BRDA:4,0,0,16
BRDA:4,0,1,0
BRDA:6,1,0,16
BRDA:6,1,1,0
BRF:4
BRH:2
end_of_record
TN:
SF:src/middlewares/notFound.js
FN:1,(anonymous_0)
FNF:1
FNH:0
FNDA:0,(anonymous_0)
DA:1,3
DA:2,0
LF:2
LH:1
BRF:0
BRH:0
end_of_record
TN:
SF:src/middlewares/permission.js
FN:1,(anonymous_0)
FN:1,(anonymous_1)
FNF:2
FNH:2
FNDA:18,(anonymous_0)
FNDA:17,(anonymous_1)
DA:1,18
DA:2,17
DA:3,17
DA:4,14
LF:4
LH:4
BRDA:2,0,0,0
BRDA:2,0,1,17
BRDA:3,1,0,3
BRDA:3,1,1,14
BRF:4
BRH:3
end_of_record
TN:
SF:src/models/pkmnType.js
FNF:0
FNH:0
DA:1,3
DA:22,3
LF:2
LH:2
BRF:0
BRH:0
end_of_record
TN:
SF:src/models/pokemon.js
FN:56,(anonymous_0)
FN:67,(anonymous_1)
FN:71,(anonymous_2)
FNF:3
FNH:3
FNDA:2,(anonymous_0)
FNDA:4,(anonymous_1)
FNDA:4,(anonymous_2)
DA:1,3
DA:2,3
DA:4,3
DA:13,3
DA:22,3
DA:35,3
DA:56,2
DA:68,4
DA:71,4
DA:81,3
LF:10
LH:10
BRDA:68,0,0,4
BRDA:68,0,1,4
BRDA:68,0,2,4
BRDA:68,0,3,4
BRF:4
BRH:4
end_of_record
TN:
SF:src/models/trainer.js
FNF:0
FNH:0
DA:1,3
DA:3,3
DA:11,3
DA:19,3
LF:4
LH:4
BRF:0
BRH:0
end_of_record
TN:
SF:src/models/user.js
FNF:0
FNH:0
DA:1,3
DA:3,3
DA:16,3
LF:3
LH:3
BRF:0
BRH:0
end_of_record
TN:
SF:src/routes/index.js
FNF:0
FNH:0
DA:1,3
DA:2,3
DA:3,3
DA:4,3
DA:6,3
DA:8,3
DA:9,3
DA:10,3
DA:12,3
LF:9
LH:9
BRF:0
BRH:0
end_of_record
TN:
SF:src/routes/pkmnRoutes.js
FNF:0
FNH:0
DA:1,3
DA:2,3
DA:4,3
DA:5,3
DA:7,3
DA:8,3
DA:10,3
DA:11,3
DA:14,3
DA:18,3
DA:21,3
DA:24,3
DA:27,3
DA:30,3
DA:33,3
DA:36,3
DA:39,3
DA:41,3
LF:18
LH:18
BRF:0
BRH:0
end_of_record
TN:
SF:src/routes/trainerRoutes.js
FNF:0
FNH:0
DA:1,3
DA:2,3
DA:3,3
DA:4,3
DA:6,3
DA:7,3
DA:9,3
DA:10,3
DA:11,3
DA:12,3
DA:14,3
LF:11
LH:11
BRF:0
BRH:0
end_of_record
TN:
SF:src/routes/userRoutes.js
FNF:0
FNH:0
DA:1,3
DA:8,3
DA:9,3
DA:11,3
DA:13,3
DA:14,3
DA:15,3
DA:16,3
DA:17,3
DA:19,3
LF:10
LH:10
BRF:0
BRH:0
end_of_record
TN:
SF:src/services/pkmnTypeService.js
FN:3,listTypes
FNF:1
FNH:1
FNDA:1,listTypes
DA:1,3
DA:5,1
DA:8,3
LF:3
LH:3
BRF:0
BRH:0
end_of_record
TN:
SF:src/services/pokemonService.js
FN:6,normalizeType
FN:10,toBoolean
FN:20,assertObjectId
FN:28,parseMaybeJson
FN:40,toFiniteNumberOrUndefined
FN:46,toTrimmedStringOrUndefined
FN:51,normalizeStringArray
FN:54,(anonymous_7)
FN:57,normalizeAbilities
FN:62,(anonymous_9)
FN:75,normalizeBaseStats
FN:93,buildExtendedPokemonFields
FN:142,enrichRegions
FN:145,(anonymous_13)
FN:159,enrichPokemon
FN:168,createPokemon
FN:197,(anonymous_16)
FN:224,addRegion
FN:257,(anonymous_18)
FN:278,searchPokemons
FN:304,getOne
FN:336,deletePokemon
FN:353,updatePokemon
FN:387,(anonymous_23)
FN:411,removeRegion
FN:430,(anonymous_25)
FN:442,syncPokemonCry
FNF:27
FNH:18
FNDA:3,normalizeType
FNDA:1,toBoolean
FNDA:12,assertObjectId
FNDA:3,parseMaybeJson
FNDA:0,toFiniteNumberOrUndefined
FNDA:0,toTrimmedStringOrUndefined
FNDA:0,normalizeStringArray
FNDA:0,(anonymous_7)
FNDA:0,normalizeAbilities
FNDA:0,(anonymous_9)
FNDA:1,normalizeBaseStats
FNDA:3,buildExtendedPokemonFields
FNDA:10,enrichRegions
FNDA:2,(anonymous_13)
FNDA:10,enrichPokemon
FNDA:3,createPokemon
FNDA:0,(anonymous_16)
FNDA:2,addRegion
FNDA:0,(anonymous_18)
FNDA:3,searchPokemons
FNDA:6,getOne
FNDA:3,deletePokemon
FNDA:2,updatePokemon
FNDA:0,(anonymous_23)
FNDA:2,removeRegion
FNDA:1,(anonymous_25)
FNDA:2,syncPokemonCry
DA:1,3
DA:2,3
DA:3,3
DA:4,3
DA:7,3
DA:11,1
DA:12,0
DA:14,0
DA:17,0
DA:21,12
DA:22,4
DA:23,4
DA:24,4
DA:29,3
DA:30,3
DA:31,3
DA:32,3
DA:33,3
DA:34,3
DA:36,0
DA:41,0
DA:42,0
DA:43,0
DA:47,0
DA:48,0
DA:52,0
DA:53,0
DA:54,0
DA:58,0
DA:59,0
DA:61,0
DA:63,0
DA:64,0
DA:65,0
DA:66,0
DA:76,1
DA:77,1
DA:79,1
DA:80,1
DA:81,1
DA:82,1
DA:83,1
DA:87,1
DA:88,1
DA:90,1
DA:94,3
DA:96,3
DA:97,0
DA:98,0
DA:101,3
DA:102,0
DA:103,0
DA:106,3
DA:107,3
DA:108,0
DA:110,3
DA:112,3
DA:113,3
DA:114,3
DA:115,0
DA:118,3
DA:119,3
DA:120,3
DA:121,3
DA:122,3
DA:124,3
DA:125,3
DA:126,3
DA:128,3
DA:129,3
DA:130,0
DA:132,3
DA:133,3
DA:135,3
DA:136,3
DA:137,3
DA:139,3
DA:143,10
DA:145,10
DA:146,2
DA:147,2
DA:149,2
DA:151,2
DA:160,10
DA:161,10
DA:162,10
DA:169,3
DA:170,3
DA:171,0
DA:172,0
DA:173,0
DA:176,3
DA:177,3
DA:178,0
DA:179,0
DA:180,0
DA:183,3
DA:184,3
DA:185,1
DA:186,1
DA:187,1
DA:190,2
DA:191,2
DA:192,2
DA:193,2
DA:194,0
DA:195,0
DA:197,0
DA:200,0
DA:203,2
DA:204,2
DA:205,2
DA:206,2
DA:209,2
DA:211,2
DA:221,2
DA:225,2
DA:226,1
DA:227,1
DA:228,1
DA:231,1
DA:233,1
DA:234,1
DA:235,0
DA:236,0
DA:237,0
DA:240,1
DA:241,1
DA:243,1
DA:244,0
DA:245,0
DA:246,0
DA:248,1
DA:249,0
DA:250,0
DA:251,0
DA:254,1
DA:255,1
DA:257,1
DA:258,0
DA:259,0
DA:262,1
DA:263,0
DA:264,0
DA:265,0
DA:267,1
DA:274,1
DA:275,1
DA:279,3
DA:280,3
DA:282,3
DA:284,3
DA:285,0
DA:286,0
DA:289,3
DA:290,3
DA:291,3
DA:293,3
DA:294,3
DA:296,3
DA:301,3
DA:305,6
DA:306,3
DA:308,2
DA:309,2
DA:310,1
DA:311,1
DA:312,1
DA:314,1
DA:317,3
DA:318,2
DA:320,2
DA:323,2
DA:324,1
DA:325,1
DA:326,1
DA:328,1
DA:331,1
DA:332,1
DA:333,1
DA:337,3
DA:338,0
DA:339,0
DA:340,0
DA:343,3
DA:345,2
DA:346,2
DA:347,1
DA:348,1
DA:349,1
DA:354,2
DA:355,0
DA:356,0
DA:357,0
DA:360,2
DA:362,1
DA:363,1
DA:364,0
DA:365,0
DA:366,0
DA:369,1
DA:370,1
DA:371,1
DA:373,1
DA:374,1
DA:375,1
DA:376,1
DA:378,1
DA:379,0
DA:380,0
DA:382,0
DA:383,0
DA:384,0
DA:385,0
DA:387,0
DA:390,0
DA:393,0
DA:396,1
DA:397,1
DA:398,1
DA:399,1
DA:400,0
DA:403,1
DA:408,1
DA:412,2
DA:413,0
DA:414,0
DA:415,0
DA:418,2
DA:420,1
DA:421,1
DA:422,0
DA:423,0
DA:424,0
DA:427,1
DA:429,1
DA:430,1
DA:433,1
DA:434,0
DA:435,0
DA:436,0
DA:439,1
DA:443,2
DA:445,2
DA:446,1
DA:447,1
DA:448,1
DA:449,0
DA:451,1
DA:452,1
DA:453,1
DA:456,1
DA:457,0
DA:458,0
DA:459,0
DA:462,1
DA:463,1
DA:464,1
DA:467,0
DA:468,0
DA:469,0
DA:470,0
DA:471,0
DA:472,0
DA:473,0
DA:476,0
DA:479,3
LF:267
LH:175
BRDA:7,0,0,3
BRDA:7,0,1,0
BRDA:11,1,0,1
BRDA:11,1,1,0
BRDA:12,2,0,0
BRDA:12,2,1,0
BRDA:14,3,0,0
BRDA:14,3,1,0
BRDA:17,4,0,0
BRDA:17,4,1,0
BRDA:17,4,2,0
BRDA:17,4,3,0
BRDA:20,5,0,0
BRDA:21,6,0,4
BRDA:21,6,1,8
BRDA:29,7,0,0
BRDA:29,7,1,3
BRDA:31,8,0,0
BRDA:31,8,1,3
BRDA:32,9,0,0
BRDA:32,9,1,3
BRDA:32,10,0,3
BRDA:32,10,1,2
BRDA:41,11,0,0
BRDA:41,11,1,0
BRDA:41,12,0,0
BRDA:41,12,1,0
BRDA:41,12,2,0
BRDA:43,13,0,0
BRDA:43,13,1,0
BRDA:47,14,0,0
BRDA:47,14,1,0
BRDA:47,15,0,0
BRDA:47,15,1,0
BRDA:53,16,0,0
BRDA:53,16,1,0
BRDA:54,17,0,0
BRDA:54,17,1,0
BRDA:59,18,0,0
BRDA:59,18,1,0
BRDA:63,19,0,0
BRDA:63,19,1,0
BRDA:63,20,0,0
BRDA:63,20,1,0
BRDA:64,21,0,0
BRDA:64,21,1,0
BRDA:65,22,0,0
BRDA:65,22,1,0
BRDA:68,23,0,0
BRDA:68,23,1,0
BRDA:69,24,0,0
BRDA:69,24,1,0
BRDA:77,25,0,1
BRDA:77,25,1,0
BRDA:77,26,0,1
BRDA:77,26,1,1
BRDA:79,27,0,1
BRDA:79,27,1,0
BRDA:80,28,0,1
BRDA:80,28,1,1
BRDA:81,29,0,1
BRDA:81,29,1,1
BRDA:82,30,0,1
BRDA:82,30,1,1
BRDA:82,31,0,1
BRDA:82,31,1,1
BRDA:85,32,0,1
BRDA:85,32,1,1
BRDA:85,33,0,1
BRDA:85,33,1,1
BRDA:87,34,0,1
BRDA:87,34,1,1
BRDA:88,35,0,1
BRDA:88,35,1,1
BRDA:93,36,0,0
BRDA:96,37,0,0
BRDA:96,37,1,3
BRDA:98,38,0,0
BRDA:98,38,1,0
BRDA:101,39,0,0
BRDA:101,39,1,3
BRDA:103,40,0,0
BRDA:103,40,1,0
BRDA:106,41,0,0
BRDA:106,41,1,3
BRDA:106,42,0,0
BRDA:106,42,1,0
BRDA:107,43,0,0
BRDA:107,43,1,3
BRDA:108,44,0,0
BRDA:108,44,1,0
BRDA:110,45,0,0
BRDA:110,45,1,3
BRDA:110,46,0,0
BRDA:110,46,1,0
BRDA:112,47,0,0
BRDA:112,47,1,3
BRDA:113,48,0,0
BRDA:113,48,1,3
BRDA:114,49,0,0
BRDA:114,49,1,3
BRDA:118,50,0,0
BRDA:118,50,1,3
BRDA:118,51,0,0
BRDA:118,51,1,0
BRDA:119,52,0,0
BRDA:119,52,1,3
BRDA:119,53,0,0
BRDA:119,53,1,0
BRDA:120,54,0,0
BRDA:120,54,1,3
BRDA:120,55,0,0
BRDA:120,55,1,0
BRDA:121,56,0,0
BRDA:121,56,1,3
BRDA:121,57,0,0
BRDA:121,57,1,0
BRDA:122,58,0,0
BRDA:122,58,1,3
BRDA:122,59,0,0
BRDA:122,59,1,0
BRDA:124,60,0,0
BRDA:124,60,1,3
BRDA:125,61,0,0
BRDA:125,61,1,3
BRDA:126,62,0,1
BRDA:126,62,1,2
BRDA:128,63,0,0
BRDA:128,63,1,3
BRDA:129,64,0,0
BRDA:129,64,1,3
BRDA:132,65,0,0
BRDA:132,65,1,3
BRDA:133,66,0,0
BRDA:133,66,1,3
BRDA:135,67,0,0
BRDA:135,67,1,3
BRDA:136,68,0,0
BRDA:136,68,1,3
BRDA:137,69,0,0
BRDA:137,69,1,3
BRDA:143,70,0,0
BRDA:143,70,1,10
BRDA:146,71,0,0
BRDA:146,71,1,2
BRDA:149,72,0,2
BRDA:149,72,1,0
BRDA:149,73,0,2
BRDA:149,73,1,0
BRDA:153,74,0,2
BRDA:153,74,1,0
BRDA:160,75,0,0
BRDA:160,75,1,10
BRDA:161,76,0,10
BRDA:161,76,1,0
BRDA:169,77,0,3
BRDA:169,77,1,0
BRDA:170,78,0,0
BRDA:170,78,1,3
BRDA:176,79,0,3
BRDA:176,79,1,0
BRDA:177,80,0,0
BRDA:177,80,1,3
BRDA:184,81,0,1
BRDA:184,81,1,2
BRDA:190,82,0,2
BRDA:190,82,1,0
BRDA:192,83,0,2
BRDA:192,83,1,0
BRDA:194,84,0,0
BRDA:194,84,1,0
BRDA:194,85,0,0
BRDA:194,85,1,0
BRDA:203,86,0,2
BRDA:203,86,1,2
BRDA:205,87,0,2
BRDA:205,87,1,0
BRDA:216,88,0,2
BRDA:216,88,1,2
BRDA:225,89,0,1
BRDA:225,89,1,1
BRDA:225,90,0,2
BRDA:225,90,1,2
BRDA:225,90,2,1
BRDA:234,91,0,0
BRDA:234,91,1,1
BRDA:243,92,0,0
BRDA:243,92,1,1
BRDA:248,93,0,0
BRDA:248,93,1,1
BRDA:254,94,0,1
BRDA:254,94,1,0
BRDA:258,95,0,0
BRDA:258,95,1,0
BRDA:259,96,0,0
BRDA:259,96,1,0
BRDA:262,97,0,0
BRDA:262,97,1,1
BRDA:278,98,0,3
BRDA:278,99,0,3
BRDA:279,100,0,3
BRDA:279,100,1,0
BRDA:280,101,0,3
BRDA:280,101,1,0
BRDA:284,102,0,0
BRDA:284,102,1,3
BRDA:290,103,0,1
BRDA:290,103,1,2
BRDA:291,104,0,0
BRDA:291,104,1,3
BRDA:293,105,0,1
BRDA:293,105,1,2
BRDA:294,106,0,0
BRDA:294,106,1,3
BRDA:305,107,0,3
BRDA:305,107,1,3
BRDA:309,108,0,1
BRDA:309,108,1,1
BRDA:317,109,0,2
BRDA:317,109,1,1
BRDA:320,110,0,2
BRDA:320,110,1,1
BRDA:320,110,2,1
BRDA:323,111,0,1
BRDA:323,111,1,1
BRDA:337,112,0,0
BRDA:337,112,1,3
BRDA:346,113,0,1
BRDA:346,113,1,1
BRDA:354,114,0,0
BRDA:354,114,1,2
BRDA:363,115,0,0
BRDA:363,115,1,1
BRDA:373,116,0,0
BRDA:373,116,1,1
BRDA:374,117,0,0
BRDA:374,117,1,1
BRDA:375,118,0,0
BRDA:375,118,1,1
BRDA:376,119,0,0
BRDA:376,119,1,1
BRDA:378,120,0,0
BRDA:378,120,1,1
BRDA:382,121,0,0
BRDA:382,121,1,0
BRDA:384,122,0,0
BRDA:384,122,1,0
BRDA:384,123,0,0
BRDA:384,123,1,0
BRDA:397,124,0,1
BRDA:397,124,1,1
BRDA:398,125,0,1
BRDA:398,125,1,0
BRDA:399,126,0,0
BRDA:399,126,1,1
BRDA:399,127,0,1
BRDA:399,127,1,1
BRDA:399,127,2,0
BRDA:412,128,0,0
BRDA:412,128,1,2
BRDA:412,129,0,2
BRDA:412,129,1,2
BRDA:421,130,0,0
BRDA:421,130,1,1
BRDA:433,131,0,0
BRDA:433,131,1,1
BRDA:442,132,0,2
BRDA:445,133,0,1
BRDA:445,133,1,1
BRDA:448,134,0,0
BRDA:448,134,1,1
BRDA:456,135,0,0
BRDA:456,135,1,1
BRDA:462,136,0,1
BRDA:462,136,1,0
BRDA:463,137,0,1
BRDA:463,137,1,0
BRDA:463,138,0,1
BRDA:463,138,1,1
BRDA:468,139,0,0
BRDA:468,139,1,0
BRDA:471,140,0,0
BRDA:471,140,1,0
BRF:283
BRH:135
end_of_record
TN:
SF:src/services/trainerService.js
FN:5,assertObjectId
FN:13,createTrainer
FN:23,getMyTrainer
FN:33,deleteMyTrainer
FN:42,markPokemon
FN:69,(anonymous_5)
FNF:6
FNH:6
FNDA:2,assertObjectId
FNDA:1,createTrainer
FNDA:2,getMyTrainer
FNDA:1,deleteMyTrainer
FNDA:2,markPokemon
FNDA:1,(anonymous_5)
DA:1,3
DA:2,3
DA:3,3
DA:6,2
DA:7,0
DA:8,0
DA:9,0
DA:14,1
DA:15,1
DA:16,0
DA:17,0
DA:18,0
DA:20,1
DA:24,2
DA:25,2
DA:26,1
DA:27,1
DA:28,1
DA:30,1
DA:34,1
DA:35,1
DA:36,0
DA:37,0
DA:38,0
DA:43,2
DA:44,0
DA:45,0
DA:46,0
DA:49,2
DA:51,2
DA:52,2
DA:53,0
DA:54,0
DA:55,0
DA:58,2
DA:59,2
DA:60,0
DA:61,0
DA:62,0
DA:66,2
DA:67,2
DA:69,2
DA:71,2
DA:73,1
DA:76,1
DA:79,2
DA:81,2
DA:84,3
LF:48
LH:30
BRDA:5,0,0,0
BRDA:6,1,0,0
BRDA:6,1,1,2
BRDA:15,2,0,0
BRDA:15,2,1,1
BRDA:25,3,0,1
BRDA:25,3,1,1
BRDA:35,4,0,0
BRDA:35,4,1,1
BRDA:43,5,0,0
BRDA:43,5,1,2
BRDA:43,6,0,2
BRDA:43,6,1,2
BRDA:52,7,0,0
BRDA:52,7,1,2
BRDA:59,8,0,0
BRDA:59,8,1,2
BRDA:67,9,0,0
BRDA:67,9,1,2
BRDA:71,10,0,1
BRDA:71,10,1,1
BRF:21
BRH:13
end_of_record
TN:
SF:src/services/userService.js
FN:7,signToken
FN:17,buildAuthUserPayload
FN:21,findUserFromTokenUserId
FN:39,normalizeFavoriteIds
FN:55,keepExistingPokemonIds
FN:59,(anonymous_5)
FN:61,(anonymous_6)
FN:64,register
FN:94,login
FN:122,getFavorites
FN:124,(anonymous_10)
FN:128,setFavorites
FN:142,(anonymous_12)
FNF:13
FNH:13
FNDA:4,signToken
FNDA:4,buildAuthUserPayload
FNDA:2,findUserFromTokenUserId
FNDA:1,normalizeFavoriteIds
FNDA:1,keepExistingPokemonIds
FNDA:1,(anonymous_5)
FNDA:1,(anonymous_6)
FNDA:5,register
FNDA:3,login
FNDA:1,getFavorites
FNDA:1,(anonymous_10)
FNDA:1,setFavorites
FNDA:1,(anonymous_12)
DA:1,3
DA:2,3
DA:3,3
DA:4,3
DA:5,3
DA:8,4
DA:10,4
DA:18,4
DA:22,2
DA:23,2
DA:24,0
DA:25,0
DA:26,0
DA:29,2
DA:30,2
DA:31,0
DA:32,0
DA:33,0
DA:36,2
DA:40,1
DA:42,1
DA:43,1
DA:45,1
DA:46,1
DA:47,1
DA:48,1
DA:49,1
DA:52,1
DA:56,1
DA:58,1
DA:59,1
DA:61,1
DA:65,5
DA:66,1
DA:67,1
DA:68,1
DA:71,4
DA:72,4
DA:73,1
DA:74,1
DA:75,1
DA:78,3
DA:79,3
DA:81,3
DA:87,3
DA:88,3
DA:95,3
DA:96,0
DA:97,0
DA:98,0
DA:101,3
DA:102,3
DA:103,1
DA:104,1
DA:105,1
DA:108,2
DA:109,2
DA:110,1
DA:111,1
DA:112,1
DA:115,1
DA:116,1
DA:123,1
DA:124,1
DA:125,1
DA:129,1
DA:130,1
DA:131,0
DA:132,0
DA:133,0
DA:136,1
DA:137,1
DA:139,1
DA:140,1
DA:142,1
DA:145,3
LF:76
LH:64
BRDA:8,0,0,0
BRDA:8,0,1,4
BRDA:22,1,0,2
BRDA:22,1,1,0
BRDA:23,2,0,0
BRDA:23,2,1,2
BRDA:30,3,0,0
BRDA:30,3,1,2
BRDA:40,4,0,0
BRDA:40,4,1,1
BRDA:46,5,0,1
BRDA:46,5,1,0
BRDA:47,6,0,0
BRDA:47,6,1,1
BRDA:47,7,0,1
BRDA:47,7,1,1
BRDA:47,7,2,1
BRDA:56,8,0,0
BRDA:56,8,1,1
BRDA:65,9,0,1
BRDA:65,9,1,4
BRDA:65,10,0,5
BRDA:65,10,1,5
BRDA:72,11,0,1
BRDA:72,11,1,3
BRDA:79,12,0,2
BRDA:79,12,1,1
BRDA:95,13,0,0
BRDA:95,13,1,3
BRDA:95,14,0,3
BRDA:95,14,1,3
BRDA:102,15,0,1
BRDA:102,15,1,2
BRDA:109,16,0,1
BRDA:109,16,1,1
BRDA:124,17,0,1
BRDA:124,17,1,0
BRDA:130,18,0,0
BRDA:130,18,1,1
BRF:39
BRH:28
end_of_record
TN:
SF:src/utils/pokepediaCry.js
FN:6,cleanToken
FN:12,normalizeCacheKey
FN:19,buildApiUrl
FN:28,fetchJson
FN:46,fetchFrenchNameFromPokeApi
FN:63,(anonymous_5)
FN:73,buildTitleCandidates
FN:86,(anonymous_7)
FN:90,(anonymous_8)
FN:93,getWikitextForTitle
FN:111,findPageWikitext
FN:148,normalizeMediaName
FN:168,extractAudioCandidates
FN:173,(anonymous_13)
FN:209,extractAudioCandidatesFromHtml
FN:214,(anonymous_15)
FN:250,pickBestAudioCandidate
FN:254,(anonymous_17)
FN:265,(anonymous_18)
FN:269,resolveMediaToUrl
FN:321,fetchPokemonCryUrlFromPokepedia
FN:330,(anonymous_21)
FNF:22
FNH:20
FNDA:35,cleanToken
FNDA:3,normalizeCacheKey
FNDA:4,buildApiUrl
FNDA:5,fetchJson
FNDA:1,fetchFrenchNameFromPokeApi
FNDA:0,(anonymous_5)
FNDA:2,buildTitleCandidates
FNDA:2,(anonymous_7)
FNDA:12,(anonymous_8)
FNDA:2,getWikitextForTitle
FNDA:2,findPageWikitext
FNDA:10,normalizeMediaName
FNDA:2,extractAudioCandidates
FNDA:0,(anonymous_13)
FNDA:2,extractAudioCandidatesFromHtml
FNDA:9,(anonymous_15)
FNDA:2,pickBestAudioCandidate
FNDA:3,(anonymous_17)
FNDA:2,(anonymous_18)
FNDA:1,resolveMediaToUrl
FNDA:2,fetchPokemonCryUrlFromPokepedia
FNDA:2,(anonymous_21)
DA:1,3
DA:2,3
DA:3,3
DA:4,3
DA:7,35
DA:13,3
DA:20,4
DA:25,4
DA:29,5
DA:30,0
DA:33,5
DA:39,5
DA:40,1
DA:43,4
DA:47,1
DA:48,1
DA:50,1
DA:51,1
DA:52,0
DA:55,1
DA:60,1
DA:61,1
DA:62,0
DA:63,0
DA:64,0
DA:65,0
DA:66,0
DA:68,1
DA:69,1
DA:74,2
DA:75,2
DA:77,2
DA:86,2
DA:90,12
DA:94,2
DA:103,2
DA:104,2
DA:105,2
DA:112,2
DA:114,2
DA:115,2
DA:116,2
DA:117,2
DA:123,1
DA:132,1
DA:133,1
DA:134,0
DA:135,0
DA:137,0
DA:138,0
DA:139,0
DA:145,1
DA:149,10
DA:159,10
DA:160,10
DA:161,10
DA:165,10
DA:169,2
DA:170,1
DA:171,1
DA:173,1
DA:174,0
DA:175,0
DA:176,0
DA:177,0
DA:178,0
DA:179,0
DA:182,1
DA:184,1
DA:185,0
DA:188,1
DA:190,1
DA:191,0
DA:194,1
DA:196,1
DA:197,0
DA:200,1
DA:202,1
DA:203,0
DA:206,1
DA:210,2
DA:211,1
DA:212,1
DA:214,1
DA:215,9
DA:216,9
DA:217,9
DA:218,9
DA:219,3
DA:220,3
DA:223,1
DA:225,1
DA:226,2
DA:229,1
DA:231,1
DA:232,2
DA:235,1
DA:237,1
DA:238,2
DA:241,1
DA:243,1
DA:244,3
DA:247,1
DA:251,2
DA:252,1
DA:254,1
DA:255,3
DA:256,3
DA:257,3
DA:258,3
DA:259,3
DA:260,3
DA:261,3
DA:262,3
DA:265,2
DA:266,1
DA:270,1
DA:271,1
DA:273,1
DA:274,1
DA:275,0
DA:278,1
DA:279,1
DA:280,0
DA:283,1
DA:284,0
DA:287,1
DA:288,0
DA:291,1
DA:292,1
DA:294,1
DA:296,1
DA:297,1
DA:306,1
DA:307,1
DA:308,1
DA:309,1
DA:310,1
DA:316,0
DA:322,2
DA:323,2
DA:325,2
DA:326,2
DA:327,0
DA:330,2
DA:331,2
DA:332,2
DA:336,2
DA:337,2
DA:340,2
DA:341,2
DA:343,2
DA:344,1
DA:345,1
DA:346,0
DA:350,2
DA:351,2
DA:353,0
DA:354,0
DA:358,3
LF:160
LH:129
BRDA:7,0,0,35
BRDA:7,0,1,1
BRDA:29,1,0,0
BRDA:29,1,1,5
BRDA:39,2,0,1
BRDA:39,2,1,4
BRDA:48,3,0,0
BRDA:48,3,1,1
BRDA:51,4,0,0
BRDA:51,4,1,1
BRDA:62,5,0,0
BRDA:62,5,1,0
BRDA:75,6,0,0
BRDA:75,6,1,2
BRDA:106,7,0,1
BRDA:106,7,1,1
BRDA:107,8,0,1
BRDA:107,8,1,1
BRDA:117,9,0,1
BRDA:117,9,1,1
BRDA:117,10,0,2
BRDA:117,10,1,1
BRDA:132,11,0,1
BRDA:132,11,1,0
BRDA:135,12,0,0
BRDA:135,12,1,0
BRDA:139,13,0,0
BRDA:139,13,1,0
BRDA:139,14,0,0
BRDA:139,14,1,0
BRDA:169,15,0,1
BRDA:169,15,1,1
BRDA:175,16,0,0
BRDA:175,16,1,0
BRDA:175,17,0,0
BRDA:175,17,1,0
BRDA:177,18,0,0
BRDA:177,18,1,0
BRDA:210,19,0,1
BRDA:210,19,1,1
BRDA:216,20,0,0
BRDA:216,20,1,9
BRDA:216,21,0,9
BRDA:216,21,1,9
BRDA:218,22,0,6
BRDA:218,22,1,3
BRDA:251,23,0,1
BRDA:251,23,1,1
BRDA:251,24,0,2
BRDA:251,24,1,2
BRDA:252,25,0,0
BRDA:252,25,1,1
BRDA:257,26,0,3
BRDA:257,26,1,0
BRDA:258,27,0,0
BRDA:258,27,1,3
BRDA:259,28,0,0
BRDA:259,28,1,3
BRDA:260,29,0,0
BRDA:260,29,1,3
BRDA:261,30,0,3
BRDA:261,30,1,0
BRDA:271,31,0,0
BRDA:271,31,1,1
BRDA:274,32,0,0
BRDA:274,32,1,1
BRDA:279,33,0,0
BRDA:279,33,1,1
BRDA:283,34,0,0
BRDA:283,34,1,1
BRDA:283,35,0,1
BRDA:283,35,1,1
BRDA:287,36,0,0
BRDA:287,36,1,1
BRDA:292,37,0,0
BRDA:292,37,1,1
BRDA:306,38,0,1
BRDA:306,38,1,0
BRDA:308,39,0,1
BRDA:308,39,1,0
BRDA:310,40,0,1
BRDA:310,40,1,0
BRDA:323,41,0,0
BRDA:323,41,1,2
BRDA:326,42,0,0
BRDA:326,42,1,2
BRDA:337,43,0,1
BRDA:337,43,1,1
BRDA:343,44,0,1
BRDA:343,44,1,1
BRDA:345,45,0,0
BRDA:345,45,1,1
BRDA:345,46,0,1
BRDA:345,46,1,0
BRF:94
BRH:55
end_of_record
TN:
SF:src/utils/regionImages.js
FN:1,normalizeRegionName
FN:9,inferRegionKeyFromNationalDex
FN:66,resolveRegionKey
FN:76,(anonymous_3)
FN:93,resolveRegionName
FN:99,resolveRegionImageUrl
FNF:6
FNH:6
FNDA:4,normalizeRegionName
FNDA:4,inferRegionKeyFromNationalDex
FNDA:4,resolveRegionKey
FNDA:4,(anonymous_3)
FNDA:3,resolveRegionName
FNDA:1,resolveRegionImageUrl
DA:2,4
DA:10,4
DA:11,4
DA:13,4
DA:14,0
DA:15,0
DA:16,0
DA:17,0
DA:18,0
DA:19,0
DA:20,0
DA:21,0
DA:22,0
DA:24,0
DA:27,3
DA:44,3
DA:49,3
DA:67,4
DA:68,4
DA:70,4
DA:71,0
DA:74,4
DA:76,4
DA:79,4
DA:80,4
DA:81,0
DA:84,4
DA:85,4
DA:86,4
DA:90,0
DA:94,3
DA:95,3
DA:96,0
DA:100,1
DA:101,1
DA:102,1
DA:104,0
DA:107,3
LF:38
LH:23
BRDA:2,0,0,4
BRDA:2,0,1,0
BRDA:11,1,0,0
BRDA:11,1,1,4
BRDA:13,2,0,4
BRDA:13,2,1,0
BRDA:13,3,0,4
BRDA:13,3,1,4
BRDA:14,4,0,0
BRDA:14,4,1,0
BRDA:14,5,0,0
BRDA:14,5,1,0
BRDA:15,6,0,0
BRDA:15,6,1,0
BRDA:15,7,0,0
BRDA:15,7,1,0
BRDA:16,8,0,0
BRDA:16,8,1,0
BRDA:16,9,0,0
BRDA:16,9,1,0
BRDA:17,10,0,0
BRDA:17,10,1,0
BRDA:17,11,0,0
BRDA:17,11,1,0
BRDA:18,12,0,0
BRDA:18,12,1,0
BRDA:18,13,0,0
BRDA:18,13,1,0
BRDA:19,14,0,0
BRDA:19,14,1,0
BRDA:19,15,0,0
BRDA:19,15,1,0
BRDA:20,16,0,0
BRDA:20,16,1,0
BRDA:20,17,0,0
BRDA:20,17,1,0
BRDA:21,18,0,0
BRDA:21,18,1,0
BRDA:21,19,0,0
BRDA:21,19,1,0
BRDA:22,20,0,0
BRDA:22,20,1,0
BRDA:70,21,0,0
BRDA:70,21,1,4
BRDA:70,22,0,4
BRDA:70,22,1,4
BRDA:71,23,0,0
BRDA:71,23,1,0
BRDA:80,24,0,0
BRDA:80,24,1,4
BRDA:80,25,0,4
BRDA:80,25,1,0
BRDA:84,26,0,4
BRDA:84,26,1,4
BRDA:85,27,0,4
BRDA:85,27,1,0
BRDA:90,28,0,0
BRDA:90,28,1,0
BRDA:95,29,0,3
BRDA:95,29,1,0
BRDA:95,30,0,3
BRDA:95,30,1,3
BRDA:96,31,0,0
BRDA:96,31,1,0
BRDA:101,32,0,1
BRDA:101,32,1,0
BRDA:101,33,0,1
BRDA:101,33,1,1
BRF:68
BRH:19
end_of_record
